[ 2017-04-27T23:52:52+08:00 ] 127.0.0.1 127.0.0.1 GET /admin
[ log ] cmf5.com/admin [运行时间：0.421024s][吞吐率：2.38req/s] [内存消耗：1,623.57kb] [文件加载：48]
[ info ] [ LANG ] C:\Users\my\Desktop\www\currency_admin\thinkphp\lang\zh-cn.php
[ info ] [ ROUTE ] array (
  'type' => 'module',
  'module' => 
  array (
    0 => 'admin',
    1 => NULL,
    2 => NULL,
  ),
)
[ info ] [ HEADER ] array (
  'accept-language' => 'zh-CN,zh;q=0.8',
  'accept-encoding' => 'gzip, deflate',
  'user-agent' => 'Mozilla/5.0 (Windows NT 6.1; WOW64) AppleWebKit/537.36 (KHTML, like Gecko) Chrome/50.0.2661.102 UBrowser/6.1.2107.204 Safari/537.36',
  'upgrade-insecure-requests' => '1',
  'accept' => 'text/html,application/xhtml+xml,application/xml;q=0.9,image/webp,*/*;q=0.8',
  'cache-control' => 'max-age=0',
  'connection' => 'close',
  'host' => 'cmf5.com',
)
[ info ] [ PARAM ] array (
  'admin' => '',
)
[ info ] [ DB ] INIT mysql
[ info ] [ LOG ] INIT File
[ error ] [1045]SQLSTATE[HY000] [1045] Access denied for user 'root'@'localhost' (using password: YES)[C:\Users\my\Desktop\www\currency_admin\thinkphp\library\think\db\Connection.php:300]

---------------------------------------------------------------
[ 2017-04-27T23:56:07+08:00 ] 127.0.0.1 127.0.0.1 GET /admin
[ log ] cmf5.com/admin [运行时间：0.235014s][吞吐率：4.26req/s] [内存消耗：1,853.57kb] [文件加载：51]
[ info ] [ LANG ] C:\Users\my\Desktop\www\currency_admin\thinkphp\lang\zh-cn.php
[ info ] [ ROUTE ] array (
  'type' => 'module',
  'module' => 
  array (
    0 => 'admin',
    1 => NULL,
    2 => NULL,
  ),
)
[ info ] [ HEADER ] array (
  'cookie' => 'thinkphp_show_page_trace=0|0',
  'accept-language' => 'zh-CN,zh;q=0.8',
  'accept-encoding' => 'gzip, deflate',
  'user-agent' => 'Mozilla/5.0 (Windows NT 6.1; WOW64) AppleWebKit/537.36 (KHTML, like Gecko) Chrome/50.0.2661.102 UBrowser/6.1.2107.204 Safari/537.36',
  'upgrade-insecure-requests' => '1',
  'accept' => 'text/html,application/xhtml+xml,application/xml;q=0.9,image/webp,*/*;q=0.8',
  'cache-control' => 'max-age=0',
  'connection' => 'close',
  'host' => 'cmf5.com',
)
[ info ] [ PARAM ] array (
  'admin' => '',
)
[ info ] [ DB ] INIT mysql
[ info ] [ RUN ] app\admin\controller\Index->index[ C:\Users\my\Desktop\www\currency_admin\application\admin\controller\Index.php ]
[ info ] [ VIEW ] C:\Users\my\Desktop\www\currency_admin\public/../application/admin\view\index\index.html [ array (
  0 => 'debug',
  1 => 'adminmenu',
) ]
[ info ] [ LOG ] INIT File
[ sql ] [ DB ] CONNECT:[ UseTime:0.002000s ] mysql:dbname=new;host=127.0.0.1;port=3306;charset=utf8
[ sql ] [ SQL ] SHOW COLUMNS FROM `yzm_admin_menu` [ RunTime:0.037003s ]
[ sql ] [ SQL ] SELECT * FROM `yzm_admin_menu` WHERE  `pid` = 0 [ RunTime:0.001000s ]
[ sql ] [ SQL ] SELECT * FROM `yzm_admin_menu` WHERE  `pid` = 103 [ RunTime:0.001000s ]
[ sql ] [ SQL ] SELECT * FROM `yzm_admin_menu` WHERE  `pid` = 104 [ RunTime:0.000000s ]
[ sql ] [ SQL ] SELECT * FROM `yzm_admin_menu` WHERE  `pid` = 109 [ RunTime:0.000000s ]
[ sql ] [ SQL ] SELECT * FROM `yzm_admin_menu` WHERE  `pid` = 110 [ RunTime:0.000000s ]
[ sql ] [ SQL ] SELECT * FROM `yzm_admin_menu` WHERE  `pid` = 111 [ RunTime:0.000000s ]
[ sql ] [ SQL ] SELECT * FROM `yzm_admin_menu` WHERE  `pid` = 112 [ RunTime:0.001000s ]

---------------------------------------------------------------
[ 2017-04-27T23:56:07+08:00 ] 127.0.0.1 127.0.0.1 GET /static/layui/css/layui.css
[ log ] cmf5.com/static/layui/css/layui.css [运行时间：0.054003s][吞吐率：18.52req/s] [内存消耗：866.84kb] [文件加载：35]
[ info ] [ LANG ] C:\Users\my\Desktop\www\currency_admin\thinkphp\lang\zh-cn.php
[ info ] [ ROUTE ] array (
  'type' => 'module',
  'module' => 
  array (
    0 => 'static',
    1 => 'layui',
    2 => 'css',
  ),
)
[ info ] [ HEADER ] array (
  'cookie' => 'thinkphp_show_page_trace=0|0',
  'accept-language' => 'zh-CN,zh;q=0.8',
  'accept-encoding' => 'gzip, deflate',
  'referer' => 'http://cmf5.com/admin',
  'user-agent' => 'Mozilla/5.0 (Windows NT 6.1; WOW64) AppleWebKit/537.36 (KHTML, like Gecko) Chrome/50.0.2661.102 UBrowser/6.1.2107.204 Safari/537.36',
  'accept' => 'text/css,*/*;q=0.1',
  'cache-control' => 'max-age=0',
  'connection' => 'close',
  'host' => 'cmf5.com',
)
[ info ] [ PARAM ] array (
  'static/layui/css/layui_css' => '',
)
[ info ] [ LOG ] INIT File

---------------------------------------------------------------
[ 2017-04-27T23:56:08+08:00 ] 127.0.0.1 127.0.0.1 GET /static/layui/lay/dest/layui.all.js
[ log ] cmf5.com/static/layui/lay/dest/layui.all.js [运行时间：0.023001s][吞吐率：43.48req/s] [内存消耗：867.20kb] [文件加载：35]
[ info ] [ LANG ] C:\Users\my\Desktop\www\currency_admin\thinkphp\lang\zh-cn.php
[ info ] [ ROUTE ] array (
  'type' => 'module',
  'module' => 
  array (
    0 => 'static',
    1 => 'layui',
    2 => 'lay',
  ),
)
[ info ] [ HEADER ] array (
  'cookie' => 'thinkphp_show_page_trace=0|0',
  'accept-language' => 'zh-CN,zh;q=0.8',
  'accept-encoding' => 'gzip, deflate',
  'referer' => 'http://cmf5.com/admin',
  'user-agent' => 'Mozilla/5.0 (Windows NT 6.1; WOW64) AppleWebKit/537.36 (KHTML, like Gecko) Chrome/50.0.2661.102 UBrowser/6.1.2107.204 Safari/537.36',
  'accept' => '*/*',
  'cache-control' => 'max-age=0',
  'connection' => 'close',
  'host' => 'cmf5.com',
)
[ info ] [ PARAM ] array (
  'static/layui/lay/dest/layui_all_js' => '',
  'dest' => 'layui.all.js',
)
[ info ] [ LOG ] INIT File

---------------------------------------------------------------
[ 2017-04-27T23:57:12+08:00 ] 127.0.0.1 127.0.0.1 GET /admin
[ log ] cmf5.com/admin [运行时间：0.104006s][吞吐率：9.61req/s] [内存消耗：1,711.62kb] [文件加载：49]
[ info ] [ LANG ] C:\Users\my\Desktop\www\currency_admin\thinkphp\lang\zh-cn.php
[ info ] [ ROUTE ] array (
  'type' => 'module',
  'module' => 
  array (
    0 => 'admin',
    1 => NULL,
    2 => NULL,
  ),
)
[ info ] [ HEADER ] array (
  'cookie' => 'thinkphp_show_page_trace=0|0',
  'accept-language' => 'zh-CN,zh;q=0.8',
  'accept-encoding' => 'gzip, deflate',
  'user-agent' => 'Mozilla/5.0 (Windows NT 6.1; WOW64) AppleWebKit/537.36 (KHTML, like Gecko) Chrome/50.0.2661.102 UBrowser/6.1.2107.204 Safari/537.36',
  'upgrade-insecure-requests' => '1',
  'accept' => 'text/html,application/xhtml+xml,application/xml;q=0.9,image/webp,*/*;q=0.8',
  'cache-control' => 'max-age=0',
  'connection' => 'close',
  'host' => 'cmf5.com',
)
[ info ] [ PARAM ] array (
  'admin' => '',
)
[ info ] [ DB ] INIT mysql
[ info ] [ RUN ] app\admin\controller\Index->index[ C:\Users\my\Desktop\www\currency_admin\application\admin\controller\Index.php ]
[ info ] [ VIEW ] C:\Users\my\Desktop\www\currency_admin\public/../application/admin\view\index\index.html [ array (
  0 => 'debug',
  1 => 'adminmenu',
) ]
[ info ] [ LOG ] INIT File
[ sql ] [ DB ] CONNECT:[ UseTime:0.001000s ] mysql:dbname=new;host=127.0.0.1;port=3306;charset=utf8
[ sql ] [ SQL ] SHOW COLUMNS FROM `yzm_admin_menu` [ RunTime:0.026001s ]
[ sql ] [ SQL ] SELECT * FROM `yzm_admin_menu` WHERE  `pid` = 0 [ RunTime:0.001001s ]
[ sql ] [ SQL ] SELECT * FROM `yzm_admin_menu` WHERE  `pid` = 103 [ RunTime:0.000000s ]
[ sql ] [ SQL ] SELECT * FROM `yzm_admin_menu` WHERE  `pid` = 104 [ RunTime:0.000000s ]
[ sql ] [ SQL ] SELECT * FROM `yzm_admin_menu` WHERE  `pid` = 109 [ RunTime:0.000000s ]
[ sql ] [ SQL ] SELECT * FROM `yzm_admin_menu` WHERE  `pid` = 110 [ RunTime:0.000000s ]
[ sql ] [ SQL ] SELECT * FROM `yzm_admin_menu` WHERE  `pid` = 111 [ RunTime:0.000000s ]
[ sql ] [ SQL ] SELECT * FROM `yzm_admin_menu` WHERE  `pid` = 112 [ RunTime:0.001000s ]

---------------------------------------------------------------
[ 2017-04-27T23:57:17+08:00 ] 127.0.0.1 127.0.0.1 GET /admin/index/wwwset.html
[ log ] cmf5.com/admin/index/wwwset.html [运行时间：0.093005s][吞吐率：10.75req/s] [内存消耗：1,848.05kb] [文件加载：51]
[ info ] [ LANG ] C:\Users\my\Desktop\www\currency_admin\thinkphp\lang\zh-cn.php
[ info ] [ ROUTE ] array (
  'type' => 'module',
  'module' => 
  array (
    0 => 'admin',
    1 => 'index',
    2 => 'wwwset',
  ),
)
[ info ] [ HEADER ] array (
  'cookie' => 'thinkphp_show_page_trace=0|0',
  'accept-language' => 'zh-CN,zh;q=0.8',
  'accept-encoding' => 'gzip, deflate',
  'referer' => 'http://cmf5.com/admin',
  'user-agent' => 'Mozilla/5.0 (Windows NT 6.1; WOW64) AppleWebKit/537.36 (KHTML, like Gecko) Chrome/50.0.2661.102 UBrowser/6.1.2107.204 Safari/537.36',
  'upgrade-insecure-requests' => '1',
  'accept' => 'text/html,application/xhtml+xml,application/xml;q=0.9,image/webp,*/*;q=0.8',
  'connection' => 'close',
  'host' => 'cmf5.com',
)
[ info ] [ PARAM ] array (
  'admin/index/wwwset_html' => '',
)
[ info ] [ DB ] INIT mysql
[ info ] [ RUN ] app\admin\controller\Index->wwwset[ C:\Users\my\Desktop\www\currency_admin\application\admin\controller\Index.php ]
[ info ] [ VIEW ] C:\Users\my\Desktop\www\currency_admin\public/../application/admin\view\index\wwwset.html [ array (
  0 => 'debug',
  1 => 'adminmenu',
  2 => 'on_off',
) ]
[ info ] [ LOG ] INIT File
[ sql ] [ DB ] CONNECT:[ UseTime:0.001000s ] mysql:dbname=new;host=127.0.0.1;port=3306;charset=utf8
[ sql ] [ SQL ] SHOW COLUMNS FROM `yzm_admin_menu` [ RunTime:0.011000s ]
[ sql ] [ SQL ] SELECT * FROM `yzm_admin_menu` WHERE  `pid` = 0 [ RunTime:0.000000s ]
[ sql ] [ SQL ] SELECT * FROM `yzm_admin_menu` WHERE  `pid` = 103 [ RunTime:0.000000s ]
[ sql ] [ SQL ] SELECT * FROM `yzm_admin_menu` WHERE  `pid` = 104 [ RunTime:0.002001s ]
[ sql ] [ SQL ] SELECT * FROM `yzm_admin_menu` WHERE  `pid` = 109 [ RunTime:0.003000s ]
[ sql ] [ SQL ] SELECT * FROM `yzm_admin_menu` WHERE  `pid` = 110 [ RunTime:0.000000s ]
[ sql ] [ SQL ] SELECT * FROM `yzm_admin_menu` WHERE  `pid` = 111 [ RunTime:0.001000s ]
[ sql ] [ SQL ] SELECT * FROM `yzm_admin_menu` WHERE  `pid` = 112 [ RunTime:0.001000s ]

---------------------------------------------------------------
[ 2017-04-27T23:57:18+08:00 ] 127.0.0.1 127.0.0.1 GET /admin/admin_menu/index.html
[ log ] cmf5.com/admin/admin_menu/index.html [运行时间：0.067004s][吞吐率：14.92req/s] [内存消耗：1,710.36kb] [文件加载：50]
[ info ] [ LANG ] C:\Users\my\Desktop\www\currency_admin\thinkphp\lang\zh-cn.php
[ info ] [ ROUTE ] array (
  'type' => 'module',
  'module' => 
  array (
    0 => 'admin',
    1 => 'admin_menu',
    2 => 'index',
  ),
)
[ info ] [ HEADER ] array (
  'cookie' => 'thinkphp_show_page_trace=0|0',
  'accept-language' => 'zh-CN,zh;q=0.8',
  'accept-encoding' => 'gzip, deflate',
  'referer' => 'http://cmf5.com/admin/index/wwwset.html',
  'user-agent' => 'Mozilla/5.0 (Windows NT 6.1; WOW64) AppleWebKit/537.36 (KHTML, like Gecko) Chrome/50.0.2661.102 UBrowser/6.1.2107.204 Safari/537.36',
  'upgrade-insecure-requests' => '1',
  'accept' => 'text/html,application/xhtml+xml,application/xml;q=0.9,image/webp,*/*;q=0.8',
  'connection' => 'close',
  'host' => 'cmf5.com',
)
[ info ] [ PARAM ] array (
  'admin/admin_menu/index_html' => '',
)
[ info ] [ DB ] INIT mysql
[ info ] [ RUN ] app\admin\controller\AdminMenu->index[ C:\Users\my\Desktop\www\currency_admin\application\admin\controller\AdminMenu.php ]
[ info ] [ DB ] INIT mysql
[ info ] [ LOG ] INIT File
[ sql ] [ DB ] CONNECT:[ UseTime:0.001001s ] mysql:dbname=new;host=127.0.0.1;port=3306;charset=utf8
[ sql ] [ SQL ] SHOW COLUMNS FROM `yzm_admin_menu` [ RunTime:0.006000s ]
[ sql ] [ SQL ] SELECT * FROM `yzm_admin_menu` WHERE  `pid` = 0 [ RunTime:0.000000s ]
[ sql ] [ SQL ] SELECT * FROM `yzm_admin_menu` WHERE  `pid` = 103 [ RunTime:0.001000s ]
[ sql ] [ SQL ] SELECT * FROM `yzm_admin_menu` WHERE  `pid` = 104 [ RunTime:0.000000s ]
[ sql ] [ SQL ] SELECT * FROM `yzm_admin_menu` WHERE  `pid` = 109 [ RunTime:0.000000s ]
[ sql ] [ SQL ] SELECT * FROM `yzm_admin_menu` WHERE  `pid` = 110 [ RunTime:0.001000s ]
[ sql ] [ SQL ] SELECT * FROM `yzm_admin_menu` WHERE  `pid` = 111 [ RunTime:0.000000s ]
[ sql ] [ SQL ] SELECT * FROM `yzm_admin_menu` WHERE  `pid` = 112 [ RunTime:0.000000s ]
[ sql ] [ DB ] CONNECT:[ UseTime:0.001000s ] mysql:dbname=new;host=127.0.0.1;port=3306;charset=utf8
[ sql ] [ SQL ] SELECT * FROM `yzm_admin_menu` [ RunTime:0.000000s ]
[ error ] [1]Class 'tools\Data' not found[C:\Users\my\Desktop\www\currency_admin\application\admin\controller\AdminMenu.php:46]

---------------------------------------------------------------
[ 2017-04-27T23:57:28+08:00 ] 127.0.0.1 127.0.0.1 GET /admin/rule/index.html
[ log ] cmf5.com/admin/rule/index.html [运行时间：0.163009s][吞吐率：6.13req/s] [内存消耗：2,086.78kb] [文件加载：52]
[ info ] [ LANG ] C:\Users\my\Desktop\www\currency_admin\thinkphp\lang\zh-cn.php
[ info ] [ ROUTE ] array (
  'type' => 'module',
  'module' => 
  array (
    0 => 'admin',
    1 => 'rule',
    2 => 'index',
  ),
)
[ info ] [ HEADER ] array (
  'cookie' => 'thinkphp_show_page_trace=0|0',
  'accept-language' => 'zh-CN,zh;q=0.8',
  'accept-encoding' => 'gzip, deflate',
  'referer' => 'http://cmf5.com/admin/index/wwwset.html',
  'user-agent' => 'Mozilla/5.0 (Windows NT 6.1; WOW64) AppleWebKit/537.36 (KHTML, like Gecko) Chrome/50.0.2661.102 UBrowser/6.1.2107.204 Safari/537.36',
  'upgrade-insecure-requests' => '1',
  'accept' => 'text/html,application/xhtml+xml,application/xml;q=0.9,image/webp,*/*;q=0.8',
  'connection' => 'close',
  'host' => 'cmf5.com',
)
[ info ] [ PARAM ] array (
  'admin/rule/index_html' => '',
)
[ info ] [ DB ] INIT mysql
[ info ] [ RUN ] app\admin\controller\Rule->index[ C:\Users\my\Desktop\www\currency_admin\application\admin\controller\Rule.php ]
[ info ] [ VIEW ] C:\Users\my\Desktop\www\currency_admin\public/../application/admin\view\rule\index.html [ array (
  0 => 'debug',
  1 => 'adminmenu',
  2 => 'list',
) ]
[ info ] [ LOG ] INIT File
[ sql ] [ DB ] CONNECT:[ UseTime:0.000000s ] mysql:dbname=new;host=127.0.0.1;port=3306;charset=utf8
[ sql ] [ SQL ] SHOW COLUMNS FROM `yzm_admin_menu` [ RunTime:0.007000s ]
[ sql ] [ SQL ] SELECT * FROM `yzm_admin_menu` WHERE  `pid` = 0 [ RunTime:0.000000s ]
[ sql ] [ SQL ] SELECT * FROM `yzm_admin_menu` WHERE  `pid` = 103 [ RunTime:0.000000s ]
[ sql ] [ SQL ] SELECT * FROM `yzm_admin_menu` WHERE  `pid` = 104 [ RunTime:0.001000s ]
[ sql ] [ SQL ] SELECT * FROM `yzm_admin_menu` WHERE  `pid` = 109 [ RunTime:0.000000s ]
[ sql ] [ SQL ] SELECT * FROM `yzm_admin_menu` WHERE  `pid` = 110 [ RunTime:0.001000s ]
[ sql ] [ SQL ] SELECT * FROM `yzm_admin_menu` WHERE  `pid` = 111 [ RunTime:0.000000s ]
[ sql ] [ SQL ] SELECT * FROM `yzm_admin_menu` WHERE  `pid` = 112 [ RunTime:0.001000s ]
[ sql ] [ SQL ] SHOW COLUMNS FROM `yzm_auth_rule` [ RunTime:0.006000s ]
[ sql ] [ SQL ] SELECT * FROM `yzm_auth_rule` [ RunTime:0.000000s ]

---------------------------------------------------------------
[ 2017-04-27T23:57:31+08:00 ] 127.0.0.1 127.0.0.1 GET /admin/group/index.html
[ log ] cmf5.com/admin/group/index.html [运行时间：0.158009s][吞吐率：6.33req/s] [内存消耗：2,059.51kb] [文件加载：52]
[ info ] [ LANG ] C:\Users\my\Desktop\www\currency_admin\thinkphp\lang\zh-cn.php
[ info ] [ ROUTE ] array (
  'type' => 'module',
  'module' => 
  array (
    0 => 'admin',
    1 => 'group',
    2 => 'index',
  ),
)
[ info ] [ HEADER ] array (
  'cookie' => 'thinkphp_show_page_trace=0|0',
  'accept-language' => 'zh-CN,zh;q=0.8',
  'accept-encoding' => 'gzip, deflate',
  'referer' => 'http://cmf5.com/admin/rule/index.html',
  'user-agent' => 'Mozilla/5.0 (Windows NT 6.1; WOW64) AppleWebKit/537.36 (KHTML, like Gecko) Chrome/50.0.2661.102 UBrowser/6.1.2107.204 Safari/537.36',
  'upgrade-insecure-requests' => '1',
  'accept' => 'text/html,application/xhtml+xml,application/xml;q=0.9,image/webp,*/*;q=0.8',
  'connection' => 'close',
  'host' => 'cmf5.com',
)
[ info ] [ PARAM ] array (
  'admin/group/index_html' => '',
)
[ info ] [ DB ] INIT mysql
[ info ] [ RUN ] app\admin\controller\Group->index[ C:\Users\my\Desktop\www\currency_admin\application\admin\controller\Group.php ]
[ info ] [ VIEW ] C:\Users\my\Desktop\www\currency_admin\public/../application/admin\view\group\index.html [ array (
  0 => 'debug',
  1 => 'adminmenu',
  2 => 'list',
) ]
[ info ] [ LOG ] INIT File
[ sql ] [ DB ] CONNECT:[ UseTime:0.003000s ] mysql:dbname=new;host=127.0.0.1;port=3306;charset=utf8
[ sql ] [ SQL ] SHOW COLUMNS FROM `yzm_admin_menu` [ RunTime:0.023002s ]
[ sql ] [ SQL ] SELECT * FROM `yzm_admin_menu` WHERE  `pid` = 0 [ RunTime:0.000000s ]
[ sql ] [ SQL ] SELECT * FROM `yzm_admin_menu` WHERE  `pid` = 103 [ RunTime:0.001000s ]
[ sql ] [ SQL ] SELECT * FROM `yzm_admin_menu` WHERE  `pid` = 104 [ RunTime:0.000000s ]
[ sql ] [ SQL ] SELECT * FROM `yzm_admin_menu` WHERE  `pid` = 109 [ RunTime:0.001000s ]
[ sql ] [ SQL ] SELECT * FROM `yzm_admin_menu` WHERE  `pid` = 110 [ RunTime:0.000000s ]
[ sql ] [ SQL ] SELECT * FROM `yzm_admin_menu` WHERE  `pid` = 111 [ RunTime:0.000000s ]
[ sql ] [ SQL ] SELECT * FROM `yzm_admin_menu` WHERE  `pid` = 112 [ RunTime:0.001000s ]
[ sql ] [ SQL ] SHOW COLUMNS FROM `yzm_auth_group` [ RunTime:0.005000s ]
[ sql ] [ SQL ] SELECT * FROM `yzm_auth_group` [ RunTime:0.001000s ]

---------------------------------------------------------------
[ 2017-04-27T23:57:35+08:00 ] 127.0.0.1 127.0.0.1 GET /admin/user/index.html
[ log ] cmf5.com/admin/user/index.html [运行时间：0.028002s][吞吐率：35.71req/s] [内存消耗：869.98kb] [文件加载：36]
[ info ] [ LANG ] C:\Users\my\Desktop\www\currency_admin\thinkphp\lang\zh-cn.php
[ info ] [ ROUTE ] array (
  'type' => 'module',
  'module' => 
  array (
    0 => 'admin',
    1 => 'user',
    2 => 'index',
  ),
)
[ info ] [ HEADER ] array (
  'cookie' => 'thinkphp_show_page_trace=0|0',
  'accept-language' => 'zh-CN,zh;q=0.8',
  'accept-encoding' => 'gzip, deflate',
  'referer' => 'http://cmf5.com/admin/group/index.html',
  'user-agent' => 'Mozilla/5.0 (Windows NT 6.1; WOW64) AppleWebKit/537.36 (KHTML, like Gecko) Chrome/50.0.2661.102 UBrowser/6.1.2107.204 Safari/537.36',
  'upgrade-insecure-requests' => '1',
  'accept' => 'text/html,application/xhtml+xml,application/xml;q=0.9,image/webp,*/*;q=0.8',
  'connection' => 'close',
  'host' => 'cmf5.com',
)
[ info ] [ PARAM ] array (
  'admin/user/index_html' => '',
)
[ info ] [ LOG ] INIT File

---------------------------------------------------------------
[ 2017-04-27T23:58:34+08:00 ] 127.0.0.1 127.0.0.1 GET /admin/group/index.html
[ log ] cmf5.com/admin/group/index.html [运行时间：0.088005s][吞吐率：11.36req/s] [内存消耗：1,920.70kb] [文件加载：50]
[ info ] [ LANG ] C:\Users\my\Desktop\www\currency_admin\thinkphp\lang\zh-cn.php
[ info ] [ ROUTE ] array (
  'type' => 'module',
  'module' => 
  array (
    0 => 'admin',
    1 => 'group',
    2 => 'index',
  ),
)
[ info ] [ HEADER ] array (
  'cookie' => 'thinkphp_show_page_trace=0|0; thinkphp_show_page_trace=0|0',
  'accept-language' => 'zh-CN,zh;q=0.8',
  'accept-encoding' => 'gzip, deflate',
  'referer' => 'http://cmf5.com/admin/rule/index.html',
  'user-agent' => 'Mozilla/5.0 (Windows NT 6.1; WOW64) AppleWebKit/537.36 (KHTML, like Gecko) Chrome/50.0.2661.102 UBrowser/6.1.2107.204 Safari/537.36',
  'upgrade-insecure-requests' => '1',
  'accept' => 'text/html,application/xhtml+xml,application/xml;q=0.9,image/webp,*/*;q=0.8',
  'cache-control' => 'max-age=0',
  'connection' => 'close',
  'host' => 'cmf5.com',
)
[ info ] [ PARAM ] array (
  'admin/group/index_html' => '',
)
[ info ] [ DB ] INIT mysql
[ info ] [ RUN ] app\admin\controller\Group->index[ C:\Users\my\Desktop\www\currency_admin\application\admin\controller\Group.php ]
[ info ] [ VIEW ] C:\Users\my\Desktop\www\currency_admin\public/../application/admin\view\group\index.html [ array (
  0 => 'debug',
  1 => 'adminmenu',
  2 => 'list',
) ]
[ info ] [ LOG ] INIT File
[ sql ] [ DB ] CONNECT:[ UseTime:0.011001s ] mysql:dbname=new;host=127.0.0.1;port=3306;charset=utf8
[ sql ] [ SQL ] SHOW COLUMNS FROM `yzm_admin_menu` [ RunTime:0.009000s ]
[ sql ] [ SQL ] SELECT * FROM `yzm_admin_menu` WHERE  `pid` = 0 [ RunTime:0.001000s ]
[ sql ] [ SQL ] SELECT * FROM `yzm_admin_menu` WHERE  `pid` = 103 [ RunTime:0.000000s ]
[ sql ] [ SQL ] SELECT * FROM `yzm_admin_menu` WHERE  `pid` = 104 [ RunTime:0.000000s ]
[ sql ] [ SQL ] SELECT * FROM `yzm_admin_menu` WHERE  `pid` = 109 [ RunTime:0.001000s ]
[ sql ] [ SQL ] SELECT * FROM `yzm_admin_menu` WHERE  `pid` = 110 [ RunTime:0.000000s ]
[ sql ] [ SQL ] SELECT * FROM `yzm_admin_menu` WHERE  `pid` = 111 [ RunTime:0.003001s ]
[ sql ] [ SQL ] SELECT * FROM `yzm_admin_menu` WHERE  `pid` = 112 [ RunTime:0.001000s ]
[ sql ] [ SQL ] SHOW COLUMNS FROM `yzm_auth_group` [ RunTime:0.008001s ]
[ sql ] [ SQL ] SELECT * FROM `yzm_auth_group` [ RunTime:0.002000s ]

---------------------------------------------------------------
[ 2017-04-27T23:58:57+08:00 ] 127.0.0.1 127.0.0.1 GET /admin/group/index.html
[ log ] cmf5.com/admin/group/index.html [运行时间：0.081005s][吞吐率：12.34req/s] [内存消耗：1,920.54kb] [文件加载：50]
[ info ] [ LANG ] C:\Users\my\Desktop\www\currency_admin\thinkphp\lang\zh-cn.php
[ info ] [ ROUTE ] array (
  'type' => 'module',
  'module' => 
  array (
    0 => 'admin',
    1 => 'group',
    2 => 'index',
  ),
)
[ info ] [ HEADER ] array (
  'cookie' => 'thinkphp_show_page_trace=0|0; thinkphp_show_page_trace=0|0',
  'accept-language' => 'zh-CN,zh;q=0.8',
  'accept-encoding' => 'gzip, deflate',
  'referer' => 'http://cmf5.com/admin/group/index.html',
  'user-agent' => 'Mozilla/5.0 (Windows NT 6.1; WOW64) AppleWebKit/537.36 (KHTML, like Gecko) Chrome/50.0.2661.102 UBrowser/6.1.2107.204 Safari/537.36',
  'upgrade-insecure-requests' => '1',
  'accept' => 'text/html,application/xhtml+xml,application/xml;q=0.9,image/webp,*/*;q=0.8',
  'connection' => 'close',
  'host' => 'cmf5.com',
)
[ info ] [ PARAM ] array (
  'admin/group/index_html' => '',
)
[ info ] [ DB ] INIT mysql
[ info ] [ RUN ] app\admin\controller\Group->index[ C:\Users\my\Desktop\www\currency_admin\application\admin\controller\Group.php ]
[ info ] [ VIEW ] C:\Users\my\Desktop\www\currency_admin\public/../application/admin\view\group\index.html [ array (
  0 => 'debug',
  1 => 'adminmenu',
  2 => 'list',
) ]
[ info ] [ LOG ] INIT File
[ sql ] [ DB ] CONNECT:[ UseTime:0.001000s ] mysql:dbname=new;host=127.0.0.1;port=3306;charset=utf8
[ sql ] [ SQL ] SHOW COLUMNS FROM `yzm_admin_menu` [ RunTime:0.005000s ]
[ sql ] [ SQL ] SELECT * FROM `yzm_admin_menu` WHERE  `pid` = 0 [ RunTime:0.001000s ]
[ sql ] [ SQL ] SELECT * FROM `yzm_admin_menu` WHERE  `pid` = 103 [ RunTime:0.000000s ]
[ sql ] [ SQL ] SELECT * FROM `yzm_admin_menu` WHERE  `pid` = 104 [ RunTime:0.001000s ]
[ sql ] [ SQL ] SELECT * FROM `yzm_admin_menu` WHERE  `pid` = 109 [ RunTime:0.000000s ]
[ sql ] [ SQL ] SELECT * FROM `yzm_admin_menu` WHERE  `pid` = 110 [ RunTime:0.001000s ]
[ sql ] [ SQL ] SELECT * FROM `yzm_admin_menu` WHERE  `pid` = 111 [ RunTime:0.000000s ]
[ sql ] [ SQL ] SELECT * FROM `yzm_admin_menu` WHERE  `pid` = 112 [ RunTime:0.000000s ]
[ sql ] [ SQL ] SHOW COLUMNS FROM `yzm_auth_group` [ RunTime:0.009001s ]
[ sql ] [ SQL ] SELECT * FROM `yzm_auth_group` [ RunTime:0.000000s ]

---------------------------------------------------------------
[ 2017-04-27T23:59:00+08:00 ] 127.0.0.1 127.0.0.1 GET /admin/admin_menu/index.html
[ log ] cmf5.com/admin/admin_menu/index.html [运行时间：0.070004s][吞吐率：14.28req/s] [内存消耗：1,710.34kb] [文件加载：50]
[ info ] [ LANG ] C:\Users\my\Desktop\www\currency_admin\thinkphp\lang\zh-cn.php
[ info ] [ ROUTE ] array (
  'type' => 'module',
  'module' => 
  array (
    0 => 'admin',
    1 => 'admin_menu',
    2 => 'index',
  ),
)
[ info ] [ HEADER ] array (
  'cookie' => 'thinkphp_show_page_trace=0|0; thinkphp_show_page_trace=0|0',
  'accept-language' => 'zh-CN,zh;q=0.8',
  'accept-encoding' => 'gzip, deflate',
  'referer' => 'http://cmf5.com/admin/group/index.html',
  'user-agent' => 'Mozilla/5.0 (Windows NT 6.1; WOW64) AppleWebKit/537.36 (KHTML, like Gecko) Chrome/50.0.2661.102 UBrowser/6.1.2107.204 Safari/537.36',
  'upgrade-insecure-requests' => '1',
  'accept' => 'text/html,application/xhtml+xml,application/xml;q=0.9,image/webp,*/*;q=0.8',
  'connection' => 'close',
  'host' => 'cmf5.com',
)
[ info ] [ PARAM ] array (
  'admin/admin_menu/index_html' => '',
)
[ info ] [ DB ] INIT mysql
[ info ] [ RUN ] app\admin\controller\AdminMenu->index[ C:\Users\my\Desktop\www\currency_admin\application\admin\controller\AdminMenu.php ]
[ info ] [ DB ] INIT mysql
[ info ] [ LOG ] INIT File
[ sql ] [ DB ] CONNECT:[ UseTime:0.001000s ] mysql:dbname=new;host=127.0.0.1;port=3306;charset=utf8
[ sql ] [ SQL ] SHOW COLUMNS FROM `yzm_admin_menu` [ RunTime:0.013001s ]
[ sql ] [ SQL ] SELECT * FROM `yzm_admin_menu` WHERE  `pid` = 0 [ RunTime:0.001000s ]
[ sql ] [ SQL ] SELECT * FROM `yzm_admin_menu` WHERE  `pid` = 103 [ RunTime:0.000000s ]
[ sql ] [ SQL ] SELECT * FROM `yzm_admin_menu` WHERE  `pid` = 104 [ RunTime:0.000000s ]
[ sql ] [ SQL ] SELECT * FROM `yzm_admin_menu` WHERE  `pid` = 109 [ RunTime:0.001000s ]
[ sql ] [ SQL ] SELECT * FROM `yzm_admin_menu` WHERE  `pid` = 110 [ RunTime:0.000000s ]
[ sql ] [ SQL ] SELECT * FROM `yzm_admin_menu` WHERE  `pid` = 111 [ RunTime:0.001000s ]
[ sql ] [ SQL ] SELECT * FROM `yzm_admin_menu` WHERE  `pid` = 112 [ RunTime:0.001000s ]
[ sql ] [ DB ] CONNECT:[ UseTime:0.001001s ] mysql:dbname=new;host=127.0.0.1;port=3306;charset=utf8
[ sql ] [ SQL ] SELECT * FROM `yzm_admin_menu` [ RunTime:0.001000s ]
[ error ] [1]Class 'tools\Data' not found[C:\Users\my\Desktop\www\currency_admin\application\admin\controller\AdminMenu.php:46]

---------------------------------------------------------------
