[ 2017-05-05T20:55:35+08:00 ] 127.0.0.1 127.0.0.1 GET /admin/content/index.html
[ log ] a.com/admin/content/index.html [运行时间：0.053003s][吞吐率：18.87req/s] [内存消耗：1,883.02kb] [文件加载：51]
[ info ] [ LANG ] C:\Users\my\Desktop\www\currency_admin\thinkphp\lang\zh-cn.php
[ info ] [ ROUTE ] array (
  'type' => 'module',
  'module' => 
  array (
    0 => 'admin',
    1 => 'content',
    2 => 'index',
  ),
)
[ info ] [ HEADER ] array (
  'cookie' => 'thinkphp_show_page_trace=0|0',
  'accept-language' => 'zh-CN,zh;q=0.8',
  'accept-encoding' => 'gzip, deflate',
  'referer' => 'http://a.com/admin/type/index.html',
  'user-agent' => 'Mozilla/5.0 (Windows NT 6.1; WOW64) AppleWebKit/537.36 (KHTML, like Gecko) Chrome/50.0.2661.102 UBrowser/6.1.2107.204 Safari/537.36',
  'upgrade-insecure-requests' => '1',
  'accept' => 'text/html,application/xhtml+xml,application/xml;q=0.9,image/webp,*/*;q=0.8',
  'connection' => 'close',
  'host' => 'a.com',
)
[ info ] [ PARAM ] array (
  'admin/content/index_html' => '',
)
[ info ] [ DB ] INIT mysql
[ info ] [ RUN ] app\admin\controller\Content->index[ C:\Users\my\Desktop\www\currency_admin\application\admin\controller\Content.php ]
[ info ] [ DB ] INIT mysql
[ info ] [ VIEW ] C:\Users\my\Desktop\www\currency_admin\public/../application/admin\view\content\index.html [ array (
  0 => 'debug',
  1 => 'adminmenu',
  2 => 'list',
) ]
[ info ] [ LOG ] INIT File
[ sql ] [ DB ] CONNECT:[ UseTime:0.001000s ] mysql:dbname=new;host=127.0.0.1;port=3306;charset=utf8
[ sql ] [ SQL ] SHOW COLUMNS FROM `yzm_admin_menu` [ RunTime:0.006000s ]
[ sql ] [ SQL ] SELECT * FROM `yzm_admin_menu` WHERE  `pid` = 0 [ RunTime:0.001000s ]
[ sql ] [ SQL ] SELECT * FROM `yzm_admin_menu` WHERE  `pid` = 103 [ RunTime:0.000000s ]
[ sql ] [ SQL ] SELECT * FROM `yzm_admin_menu` WHERE  `pid` = 104 [ RunTime:0.000000s ]
[ sql ] [ SQL ] SELECT * FROM `yzm_admin_menu` WHERE  `pid` = 109 [ RunTime:0.000000s ]
[ sql ] [ SQL ] SELECT * FROM `yzm_admin_menu` WHERE  `pid` = 110 [ RunTime:0.000000s ]
[ sql ] [ SQL ] SELECT * FROM `yzm_admin_menu` WHERE  `pid` = 111 [ RunTime:0.000000s ]
[ sql ] [ SQL ] SELECT * FROM `yzm_admin_menu` WHERE  `pid` = 112 [ RunTime:0.000000s ]
[ sql ] [ DB ] CONNECT:[ UseTime:0.001000s ] mysql:dbname=new;host=127.0.0.1;port=3306;charset=utf8
[ sql ] [ SQL ] SHOW COLUMNS FROM `yzm_content` [ RunTime:0.006000s ]
[ sql ] [ SQL ] SELECT * FROM `yzm_content` [ RunTime:0.000000s ]

---------------------------------------------------------------
[ 2017-05-05T20:55:37+08:00 ] 127.0.0.1 127.0.0.1 GET /admin/type/index.html
[ log ] a.com/admin/type/index.html [运行时间：0.068004s][吞吐率：14.71req/s] [内存消耗：1,924.04kb] [文件加载：52]
[ info ] [ LANG ] C:\Users\my\Desktop\www\currency_admin\thinkphp\lang\zh-cn.php
[ info ] [ ROUTE ] array (
  'type' => 'module',
  'module' => 
  array (
    0 => 'admin',
    1 => 'type',
    2 => 'index',
  ),
)
[ info ] [ HEADER ] array (
  'cookie' => 'thinkphp_show_page_trace=0|0; thinkphp_show_page_trace=0|0',
  'accept-language' => 'zh-CN,zh;q=0.8',
  'accept-encoding' => 'gzip, deflate',
  'referer' => 'http://a.com/admin/content/index.html',
  'user-agent' => 'Mozilla/5.0 (Windows NT 6.1; WOW64) AppleWebKit/537.36 (KHTML, like Gecko) Chrome/50.0.2661.102 UBrowser/6.1.2107.204 Safari/537.36',
  'upgrade-insecure-requests' => '1',
  'accept' => 'text/html,application/xhtml+xml,application/xml;q=0.9,image/webp,*/*;q=0.8',
  'connection' => 'close',
  'host' => 'a.com',
)
[ info ] [ PARAM ] array (
  'admin/type/index_html' => '',
)
[ info ] [ DB ] INIT mysql
[ info ] [ RUN ] app\admin\controller\Type->index[ C:\Users\my\Desktop\www\currency_admin\application\admin\controller\Type.php ]
[ info ] [ DB ] INIT mysql
[ info ] [ VIEW ] C:\Users\my\Desktop\www\currency_admin\public/../application/admin\view\type\index.html [ array (
  0 => 'debug',
  1 => 'adminmenu',
  2 => 'list',
  3 => 'menutree',
) ]
[ info ] [ LOG ] INIT File
[ sql ] [ DB ] CONNECT:[ UseTime:0.010001s ] mysql:dbname=new;host=127.0.0.1;port=3306;charset=utf8
[ sql ] [ SQL ] SHOW COLUMNS FROM `yzm_admin_menu` [ RunTime:0.005000s ]
[ sql ] [ SQL ] SELECT * FROM `yzm_admin_menu` WHERE  `pid` = 0 [ RunTime:0.000000s ]
[ sql ] [ SQL ] SELECT * FROM `yzm_admin_menu` WHERE  `pid` = 103 [ RunTime:0.001000s ]
[ sql ] [ SQL ] SELECT * FROM `yzm_admin_menu` WHERE  `pid` = 104 [ RunTime:0.000000s ]
[ sql ] [ SQL ] SELECT * FROM `yzm_admin_menu` WHERE  `pid` = 109 [ RunTime:0.000000s ]
[ sql ] [ SQL ] SELECT * FROM `yzm_admin_menu` WHERE  `pid` = 110 [ RunTime:0.000000s ]
[ sql ] [ SQL ] SELECT * FROM `yzm_admin_menu` WHERE  `pid` = 111 [ RunTime:0.000000s ]
[ sql ] [ SQL ] SELECT * FROM `yzm_admin_menu` WHERE  `pid` = 112 [ RunTime:0.001000s ]
[ sql ] [ DB ] CONNECT:[ UseTime:0.010001s ] mysql:dbname=new;host=127.0.0.1;port=3306;charset=utf8
[ sql ] [ SQL ] SHOW COLUMNS FROM `yzm_type` [ RunTime:0.005000s ]
[ sql ] [ SQL ] SELECT * FROM `yzm_type` [ RunTime:0.000000s ]
[ sql ] [ SQL ] SELECT * FROM `yzm_type` WHERE  `pid` = 0 [ RunTime:0.000000s ]
[ sql ] [ SQL ] SELECT * FROM `yzm_type` WHERE  `pid` = 1 [ RunTime:0.000000s ]
[ sql ] [ SQL ] SELECT * FROM `yzm_type` WHERE  `pid` = 6 [ RunTime:0.000000s ]
[ sql ] [ SQL ] SELECT * FROM `yzm_type` WHERE  `pid` = 2 [ RunTime:0.001001s ]
[ sql ] [ SQL ] SELECT * FROM `yzm_type` WHERE  `pid` = 4 [ RunTime:0.000000s ]
[ sql ] [ SQL ] SELECT * FROM `yzm_type` WHERE  `pid` = 5 [ RunTime:0.000000s ]

---------------------------------------------------------------
[ 2017-05-05T20:55:40+08:00 ] 127.0.0.1 127.0.0.1 GET /admin/content/index.html
[ log ] a.com/admin/content/index.html [运行时间：0.042002s][吞吐率：23.81req/s] [内存消耗：1,746.73kb] [文件加载：49]
[ info ] [ LANG ] C:\Users\my\Desktop\www\currency_admin\thinkphp\lang\zh-cn.php
[ info ] [ ROUTE ] array (
  'type' => 'module',
  'module' => 
  array (
    0 => 'admin',
    1 => 'content',
    2 => 'index',
  ),
)
[ info ] [ HEADER ] array (
  'cookie' => 'thinkphp_show_page_trace=0|0; thinkphp_show_page_trace=0|0',
  'accept-language' => 'zh-CN,zh;q=0.8',
  'accept-encoding' => 'gzip, deflate',
  'referer' => 'http://a.com/admin/type/index.html',
  'user-agent' => 'Mozilla/5.0 (Windows NT 6.1; WOW64) AppleWebKit/537.36 (KHTML, like Gecko) Chrome/50.0.2661.102 UBrowser/6.1.2107.204 Safari/537.36',
  'upgrade-insecure-requests' => '1',
  'accept' => 'text/html,application/xhtml+xml,application/xml;q=0.9,image/webp,*/*;q=0.8',
  'connection' => 'close',
  'host' => 'a.com',
)
[ info ] [ PARAM ] array (
  'admin/content/index_html' => '',
)
[ info ] [ DB ] INIT mysql
[ info ] [ RUN ] app\admin\controller\Content->index[ C:\Users\my\Desktop\www\currency_admin\application\admin\controller\Content.php ]
[ info ] [ DB ] INIT mysql
[ info ] [ VIEW ] C:\Users\my\Desktop\www\currency_admin\public/../application/admin\view\content\index.html [ array (
  0 => 'debug',
  1 => 'adminmenu',
  2 => 'list',
) ]
[ info ] [ LOG ] INIT File
[ sql ] [ DB ] CONNECT:[ UseTime:0.001000s ] mysql:dbname=new;host=127.0.0.1;port=3306;charset=utf8
[ sql ] [ SQL ] SHOW COLUMNS FROM `yzm_admin_menu` [ RunTime:0.005000s ]
[ sql ] [ SQL ] SELECT * FROM `yzm_admin_menu` WHERE  `pid` = 0 [ RunTime:0.000000s ]
[ sql ] [ SQL ] SELECT * FROM `yzm_admin_menu` WHERE  `pid` = 103 [ RunTime:0.000000s ]
[ sql ] [ SQL ] SELECT * FROM `yzm_admin_menu` WHERE  `pid` = 104 [ RunTime:0.000000s ]
[ sql ] [ SQL ] SELECT * FROM `yzm_admin_menu` WHERE  `pid` = 109 [ RunTime:0.000000s ]
[ sql ] [ SQL ] SELECT * FROM `yzm_admin_menu` WHERE  `pid` = 110 [ RunTime:0.000000s ]
[ sql ] [ SQL ] SELECT * FROM `yzm_admin_menu` WHERE  `pid` = 111 [ RunTime:0.000000s ]
[ sql ] [ SQL ] SELECT * FROM `yzm_admin_menu` WHERE  `pid` = 112 [ RunTime:0.000000s ]
[ sql ] [ DB ] CONNECT:[ UseTime:0.001000s ] mysql:dbname=new;host=127.0.0.1;port=3306;charset=utf8
[ sql ] [ SQL ] SHOW COLUMNS FROM `yzm_content` [ RunTime:0.005000s ]
[ sql ] [ SQL ] SELECT * FROM `yzm_content` [ RunTime:0.000000s ]

---------------------------------------------------------------
[ 2017-05-05T20:55:45+08:00 ] 127.0.0.1 127.0.0.1 GET /admin/content/index.html
[ log ] a.com/admin/content/index.html [运行时间：0.055003s][吞吐率：18.18req/s] [内存消耗：1,746.68kb] [文件加载：49]
[ info ] [ LANG ] C:\Users\my\Desktop\www\currency_admin\thinkphp\lang\zh-cn.php
[ info ] [ ROUTE ] array (
  'type' => 'module',
  'module' => 
  array (
    0 => 'admin',
    1 => 'content',
    2 => 'index',
  ),
)
[ info ] [ HEADER ] array (
  'cookie' => 'thinkphp_show_page_trace=0|0; thinkphp_show_page_trace=0|0',
  'accept-language' => 'zh-CN,zh;q=0.8',
  'accept-encoding' => 'gzip, deflate',
  'referer' => 'http://a.com/admin/content/index.html',
  'user-agent' => 'Mozilla/5.0 (Windows NT 6.1; WOW64) AppleWebKit/537.36 (KHTML, like Gecko) Chrome/50.0.2661.102 UBrowser/6.1.2107.204 Safari/537.36',
  'upgrade-insecure-requests' => '1',
  'accept' => 'text/html,application/xhtml+xml,application/xml;q=0.9,image/webp,*/*;q=0.8',
  'connection' => 'close',
  'host' => 'a.com',
)
[ info ] [ PARAM ] array (
  'admin/content/index_html' => '',
)
[ info ] [ DB ] INIT mysql
[ info ] [ RUN ] app\admin\controller\Content->index[ C:\Users\my\Desktop\www\currency_admin\application\admin\controller\Content.php ]
[ info ] [ DB ] INIT mysql
[ info ] [ VIEW ] C:\Users\my\Desktop\www\currency_admin\public/../application/admin\view\content\index.html [ array (
  0 => 'debug',
  1 => 'adminmenu',
  2 => 'list',
) ]
[ info ] [ LOG ] INIT File
[ sql ] [ DB ] CONNECT:[ UseTime:0.001000s ] mysql:dbname=new;host=127.0.0.1;port=3306;charset=utf8
[ sql ] [ SQL ] SHOW COLUMNS FROM `yzm_admin_menu` [ RunTime:0.005000s ]
[ sql ] [ SQL ] SELECT * FROM `yzm_admin_menu` WHERE  `pid` = 0 [ RunTime:0.000000s ]
[ sql ] [ SQL ] SELECT * FROM `yzm_admin_menu` WHERE  `pid` = 103 [ RunTime:0.000000s ]
[ sql ] [ SQL ] SELECT * FROM `yzm_admin_menu` WHERE  `pid` = 104 [ RunTime:0.000000s ]
[ sql ] [ SQL ] SELECT * FROM `yzm_admin_menu` WHERE  `pid` = 109 [ RunTime:0.001000s ]
[ sql ] [ SQL ] SELECT * FROM `yzm_admin_menu` WHERE  `pid` = 110 [ RunTime:0.000000s ]
[ sql ] [ SQL ] SELECT * FROM `yzm_admin_menu` WHERE  `pid` = 111 [ RunTime:0.000000s ]
[ sql ] [ SQL ] SELECT * FROM `yzm_admin_menu` WHERE  `pid` = 112 [ RunTime:0.000000s ]
[ sql ] [ DB ] CONNECT:[ UseTime:0.010000s ] mysql:dbname=new;host=127.0.0.1;port=3306;charset=utf8
[ sql ] [ SQL ] SHOW COLUMNS FROM `yzm_content` [ RunTime:0.005001s ]
[ sql ] [ SQL ] SELECT * FROM `yzm_content` [ RunTime:0.000000s ]

---------------------------------------------------------------
[ 2017-05-05T20:55:48+08:00 ] 127.0.0.1 127.0.0.1 GET /admin/content/add.html
[ log ] a.com/admin/content/add.html [运行时间：0.052003s][吞吐率：19.23req/s] [内存消耗：1,681.63kb] [文件加载：50]
[ info ] [ LANG ] C:\Users\my\Desktop\www\currency_admin\thinkphp\lang\zh-cn.php
[ info ] [ ROUTE ] array (
  'type' => 'module',
  'module' => 
  array (
    0 => 'admin',
    1 => 'content',
    2 => 'add',
  ),
)
[ info ] [ HEADER ] array (
  'cookie' => 'thinkphp_show_page_trace=0|0; thinkphp_show_page_trace=0|0',
  'accept-language' => 'zh-CN,zh;q=0.8',
  'accept-encoding' => 'gzip, deflate',
  'referer' => 'http://a.com/admin/content/index.html',
  'user-agent' => 'Mozilla/5.0 (Windows NT 6.1; WOW64) AppleWebKit/537.36 (KHTML, like Gecko) Chrome/50.0.2661.102 UBrowser/6.1.2107.204 Safari/537.36',
  'upgrade-insecure-requests' => '1',
  'accept' => 'text/html,application/xhtml+xml,application/xml;q=0.9,image/webp,*/*;q=0.8',
  'connection' => 'close',
  'host' => 'a.com',
)
[ info ] [ PARAM ] array (
  'admin/content/add_html' => '',
)
[ info ] [ DB ] INIT mysql
[ info ] [ RUN ] app\admin\controller\Content->add[ C:\Users\my\Desktop\www\currency_admin\application\admin\controller\Content.php ]
[ info ] [ LOG ] INIT File
[ sql ] [ DB ] CONNECT:[ UseTime:0.001000s ] mysql:dbname=new;host=127.0.0.1;port=3306;charset=utf8
[ sql ] [ SQL ] SHOW COLUMNS FROM `yzm_admin_menu` [ RunTime:0.008000s ]
[ sql ] [ SQL ] SELECT * FROM `yzm_admin_menu` WHERE  `pid` = 0 [ RunTime:0.002000s ]
[ sql ] [ SQL ] SELECT * FROM `yzm_admin_menu` WHERE  `pid` = 103 [ RunTime:0.001000s ]
[ sql ] [ SQL ] SELECT * FROM `yzm_admin_menu` WHERE  `pid` = 104 [ RunTime:0.001001s ]
[ sql ] [ SQL ] SELECT * FROM `yzm_admin_menu` WHERE  `pid` = 109 [ RunTime:0.000000s ]
[ sql ] [ SQL ] SELECT * FROM `yzm_admin_menu` WHERE  `pid` = 110 [ RunTime:0.000000s ]
[ sql ] [ SQL ] SELECT * FROM `yzm_admin_menu` WHERE  `pid` = 111 [ RunTime:0.000000s ]
[ sql ] [ SQL ] SELECT * FROM `yzm_admin_menu` WHERE  `pid` = 112 [ RunTime:0.000000s ]
[ sql ] [ SQL ] SHOW COLUMNS FROM `yzm_type` [ RunTime:0.005000s ]
[ sql ] [ SQL ] SELECT * FROM `yzm_type` WHERE  `pid` = 0 [ RunTime:0.000000s ]
[ sql ] [ SQL ] SELECT * FROM `yzm_type` WHERE  `pid` = 1 [ RunTime:0.000000s ]
[ sql ] [ SQL ] SELECT * FROM `yzm_type` WHERE  `pid` = 6 [ RunTime:0.001000s ]
[ error ] [8]未定义变量: data[C:\Users\my\Desktop\www\currency_admin\application\admin\controller\Content.php:82]

---------------------------------------------------------------
[ 2017-05-05T20:55:58+08:00 ] 127.0.0.1 127.0.0.1 GET /admin/type/index.html
[ log ] a.com/admin/type/index.html [运行时间：0.063004s][吞吐率：15.87req/s] [内存消耗：1,783.53kb] [文件加载：50]
[ info ] [ LANG ] C:\Users\my\Desktop\www\currency_admin\thinkphp\lang\zh-cn.php
[ info ] [ ROUTE ] array (
  'type' => 'module',
  'module' => 
  array (
    0 => 'admin',
    1 => 'type',
    2 => 'index',
  ),
)
[ info ] [ HEADER ] array (
  'cookie' => 'thinkphp_show_page_trace=0|0; thinkphp_show_page_trace=0|0',
  'accept-language' => 'zh-CN,zh;q=0.8',
  'accept-encoding' => 'gzip, deflate',
  'referer' => 'http://a.com/admin/content/index.html',
  'user-agent' => 'Mozilla/5.0 (Windows NT 6.1; WOW64) AppleWebKit/537.36 (KHTML, like Gecko) Chrome/50.0.2661.102 UBrowser/6.1.2107.204 Safari/537.36',
  'upgrade-insecure-requests' => '1',
  'accept' => 'text/html,application/xhtml+xml,application/xml;q=0.9,image/webp,*/*;q=0.8',
  'connection' => 'close',
  'host' => 'a.com',
)
[ info ] [ PARAM ] array (
  'admin/type/index_html' => '',
)
[ info ] [ DB ] INIT mysql
[ info ] [ RUN ] app\admin\controller\Type->index[ C:\Users\my\Desktop\www\currency_admin\application\admin\controller\Type.php ]
[ info ] [ DB ] INIT mysql
[ info ] [ VIEW ] C:\Users\my\Desktop\www\currency_admin\public/../application/admin\view\type\index.html [ array (
  0 => 'debug',
  1 => 'adminmenu',
  2 => 'list',
  3 => 'menutree',
) ]
[ info ] [ LOG ] INIT File
[ sql ] [ DB ] CONNECT:[ UseTime:0.011001s ] mysql:dbname=new;host=127.0.0.1;port=3306;charset=utf8
[ sql ] [ SQL ] SHOW COLUMNS FROM `yzm_admin_menu` [ RunTime:0.005000s ]
[ sql ] [ SQL ] SELECT * FROM `yzm_admin_menu` WHERE  `pid` = 0 [ RunTime:0.000000s ]
[ sql ] [ SQL ] SELECT * FROM `yzm_admin_menu` WHERE  `pid` = 103 [ RunTime:0.000000s ]
[ sql ] [ SQL ] SELECT * FROM `yzm_admin_menu` WHERE  `pid` = 104 [ RunTime:0.000000s ]
[ sql ] [ SQL ] SELECT * FROM `yzm_admin_menu` WHERE  `pid` = 109 [ RunTime:0.001000s ]
[ sql ] [ SQL ] SELECT * FROM `yzm_admin_menu` WHERE  `pid` = 110 [ RunTime:0.001000s ]
[ sql ] [ SQL ] SELECT * FROM `yzm_admin_menu` WHERE  `pid` = 111 [ RunTime:0.000000s ]
[ sql ] [ SQL ] SELECT * FROM `yzm_admin_menu` WHERE  `pid` = 112 [ RunTime:0.000000s ]
[ sql ] [ DB ] CONNECT:[ UseTime:0.001001s ] mysql:dbname=new;host=127.0.0.1;port=3306;charset=utf8
[ sql ] [ SQL ] SHOW COLUMNS FROM `yzm_type` [ RunTime:0.007000s ]
[ sql ] [ SQL ] SELECT * FROM `yzm_type` [ RunTime:0.000000s ]
[ sql ] [ SQL ] SELECT * FROM `yzm_type` WHERE  `pid` = 0 [ RunTime:0.000000s ]
[ sql ] [ SQL ] SELECT * FROM `yzm_type` WHERE  `pid` = 1 [ RunTime:0.000000s ]
[ sql ] [ SQL ] SELECT * FROM `yzm_type` WHERE  `pid` = 6 [ RunTime:0.000000s ]
[ sql ] [ SQL ] SELECT * FROM `yzm_type` WHERE  `pid` = 2 [ RunTime:0.000000s ]
[ sql ] [ SQL ] SELECT * FROM `yzm_type` WHERE  `pid` = 4 [ RunTime:0.000000s ]
[ sql ] [ SQL ] SELECT * FROM `yzm_type` WHERE  `pid` = 5 [ RunTime:0.000000s ]

---------------------------------------------------------------
[ 2017-05-05T20:56:08+08:00 ] 127.0.0.1 127.0.0.1 GET /admin/content/index.html
[ log ] a.com/admin/content/index.html [运行时间：0.045003s][吞吐率：22.22req/s] [内存消耗：1,746.73kb] [文件加载：49]
[ info ] [ LANG ] C:\Users\my\Desktop\www\currency_admin\thinkphp\lang\zh-cn.php
[ info ] [ ROUTE ] array (
  'type' => 'module',
  'module' => 
  array (
    0 => 'admin',
    1 => 'content',
    2 => 'index',
  ),
)
[ info ] [ HEADER ] array (
  'cookie' => 'thinkphp_show_page_trace=0|0; thinkphp_show_page_trace=0|0',
  'accept-language' => 'zh-CN,zh;q=0.8',
  'accept-encoding' => 'gzip, deflate',
  'referer' => 'http://a.com/admin/type/index.html',
  'user-agent' => 'Mozilla/5.0 (Windows NT 6.1; WOW64) AppleWebKit/537.36 (KHTML, like Gecko) Chrome/50.0.2661.102 UBrowser/6.1.2107.204 Safari/537.36',
  'upgrade-insecure-requests' => '1',
  'accept' => 'text/html,application/xhtml+xml,application/xml;q=0.9,image/webp,*/*;q=0.8',
  'connection' => 'close',
  'host' => 'a.com',
)
[ info ] [ PARAM ] array (
  'admin/content/index_html' => '',
)
[ info ] [ DB ] INIT mysql
[ info ] [ RUN ] app\admin\controller\Content->index[ C:\Users\my\Desktop\www\currency_admin\application\admin\controller\Content.php ]
[ info ] [ DB ] INIT mysql
[ info ] [ VIEW ] C:\Users\my\Desktop\www\currency_admin\public/../application/admin\view\content\index.html [ array (
  0 => 'debug',
  1 => 'adminmenu',
  2 => 'list',
) ]
[ info ] [ LOG ] INIT File
[ sql ] [ DB ] CONNECT:[ UseTime:0.001000s ] mysql:dbname=new;host=127.0.0.1;port=3306;charset=utf8
[ sql ] [ SQL ] SHOW COLUMNS FROM `yzm_admin_menu` [ RunTime:0.005001s ]
[ sql ] [ SQL ] SELECT * FROM `yzm_admin_menu` WHERE  `pid` = 0 [ RunTime:0.001000s ]
[ sql ] [ SQL ] SELECT * FROM `yzm_admin_menu` WHERE  `pid` = 103 [ RunTime:0.000000s ]
[ sql ] [ SQL ] SELECT * FROM `yzm_admin_menu` WHERE  `pid` = 104 [ RunTime:0.000000s ]
[ sql ] [ SQL ] SELECT * FROM `yzm_admin_menu` WHERE  `pid` = 109 [ RunTime:0.000000s ]
[ sql ] [ SQL ] SELECT * FROM `yzm_admin_menu` WHERE  `pid` = 110 [ RunTime:0.000000s ]
[ sql ] [ SQL ] SELECT * FROM `yzm_admin_menu` WHERE  `pid` = 111 [ RunTime:0.001000s ]
[ sql ] [ SQL ] SELECT * FROM `yzm_admin_menu` WHERE  `pid` = 112 [ RunTime:0.000000s ]
[ sql ] [ DB ] CONNECT:[ UseTime:0.001000s ] mysql:dbname=new;host=127.0.0.1;port=3306;charset=utf8
[ sql ] [ SQL ] SHOW COLUMNS FROM `yzm_content` [ RunTime:0.007000s ]
[ sql ] [ SQL ] SELECT * FROM `yzm_content` [ RunTime:0.001000s ]

---------------------------------------------------------------
[ 2017-05-05T20:59:24+08:00 ] 127.0.0.1 127.0.0.1 GET /admin
[ log ] a.com/admin [运行时间：0.057003s][吞吐率：17.54req/s] [内存消耗：1,863.23kb] [文件加载：51]
[ info ] [ LANG ] C:\Users\my\Desktop\www\currency_admin\thinkphp\lang\zh-cn.php
[ info ] [ ROUTE ] array (
  'type' => 'module',
  'module' => 
  array (
    0 => 'admin',
    1 => NULL,
    2 => NULL,
  ),
)
[ info ] [ HEADER ] array (
  'cookie' => 'thinkphp_show_page_trace=0|0',
  'accept-language' => 'zh-CN,zh;q=0.8',
  'accept-encoding' => 'gzip, deflate',
  'user-agent' => 'Mozilla/5.0 (Windows NT 6.1; WOW64) AppleWebKit/537.36 (KHTML, like Gecko) Chrome/50.0.2661.102 UBrowser/6.1.2107.204 Safari/537.36',
  'upgrade-insecure-requests' => '1',
  'accept' => 'text/html,application/xhtml+xml,application/xml;q=0.9,image/webp,*/*;q=0.8',
  'cache-control' => 'max-age=0',
  'connection' => 'close',
  'host' => 'a.com',
)
[ info ] [ PARAM ] array (
  'admin' => '',
)
[ info ] [ DB ] INIT mysql
[ info ] [ RUN ] app\admin\controller\Index->index[ C:\Users\my\Desktop\www\currency_admin\application\admin\controller\Index.php ]
[ info ] [ VIEW ] C:\Users\my\Desktop\www\currency_admin\public/../application/admin\view\index\index.html [ array (
  0 => 'debug',
  1 => 'adminmenu',
) ]
[ info ] [ LOG ] INIT File
[ sql ] [ DB ] CONNECT:[ UseTime:0.010001s ] mysql:dbname=new;host=127.0.0.1;port=3306;charset=utf8
[ sql ] [ SQL ] SHOW COLUMNS FROM `yzm_admin_menu` [ RunTime:0.005000s ]
[ sql ] [ SQL ] SELECT * FROM `yzm_admin_menu` WHERE  `pid` = 0 [ RunTime:0.000000s ]
[ sql ] [ SQL ] SELECT * FROM `yzm_admin_menu` WHERE  `pid` = 103 [ RunTime:0.001000s ]
[ sql ] [ SQL ] SELECT * FROM `yzm_admin_menu` WHERE  `pid` = 104 [ RunTime:0.000000s ]
[ sql ] [ SQL ] SELECT * FROM `yzm_admin_menu` WHERE  `pid` = 109 [ RunTime:0.000000s ]
[ sql ] [ SQL ] SELECT * FROM `yzm_admin_menu` WHERE  `pid` = 110 [ RunTime:0.000000s ]
[ sql ] [ SQL ] SELECT * FROM `yzm_admin_menu` WHERE  `pid` = 111 [ RunTime:0.000000s ]
[ sql ] [ SQL ] SELECT * FROM `yzm_admin_menu` WHERE  `pid` = 112 [ RunTime:0.001000s ]

---------------------------------------------------------------
[ 2017-05-05T20:59:31+08:00 ] 127.0.0.1 127.0.0.1 GET /admin
[ log ] a.com/admin [运行时间：0.038003s][吞吐率：26.31req/s] [内存消耗：1,720.19kb] [文件加载：49]
[ info ] [ LANG ] C:\Users\my\Desktop\www\currency_admin\thinkphp\lang\zh-cn.php
[ info ] [ ROUTE ] array (
  'type' => 'module',
  'module' => 
  array (
    0 => 'admin',
    1 => NULL,
    2 => NULL,
  ),
)
[ info ] [ HEADER ] array (
  'cookie' => 'thinkphp_show_page_trace=0|0',
  'accept-language' => 'zh-CN,zh;q=0.8',
  'accept-encoding' => 'gzip, deflate',
  'user-agent' => 'Mozilla/5.0 (Windows NT 6.1; WOW64) AppleWebKit/537.36 (KHTML, like Gecko) Chrome/50.0.2661.102 UBrowser/6.1.2107.204 Safari/537.36',
  'upgrade-insecure-requests' => '1',
  'accept' => 'text/html,application/xhtml+xml,application/xml;q=0.9,image/webp,*/*;q=0.8',
  'cache-control' => 'max-age=0',
  'connection' => 'close',
  'host' => 'a.com',
)
[ info ] [ PARAM ] array (
  'admin' => '',
)
[ info ] [ DB ] INIT mysql
[ info ] [ RUN ] app\admin\controller\Index->index[ C:\Users\my\Desktop\www\currency_admin\application\admin\controller\Index.php ]
[ info ] [ VIEW ] C:\Users\my\Desktop\www\currency_admin\public/../application/admin\view\index\index.html [ array (
  0 => 'debug',
  1 => 'adminmenu',
) ]
[ info ] [ LOG ] INIT File
[ sql ] [ DB ] CONNECT:[ UseTime:0.000000s ] mysql:dbname=new;host=127.0.0.1;port=3306;charset=utf8
[ sql ] [ SQL ] SHOW COLUMNS FROM `yzm_admin_menu` [ RunTime:0.005000s ]
[ sql ] [ SQL ] SELECT * FROM `yzm_admin_menu` WHERE  `pid` = 0 [ RunTime:0.000000s ]
[ sql ] [ SQL ] SELECT * FROM `yzm_admin_menu` WHERE  `pid` = 103 [ RunTime:0.000000s ]
[ sql ] [ SQL ] SELECT * FROM `yzm_admin_menu` WHERE  `pid` = 104 [ RunTime:0.000000s ]
[ sql ] [ SQL ] SELECT * FROM `yzm_admin_menu` WHERE  `pid` = 109 [ RunTime:0.000000s ]
[ sql ] [ SQL ] SELECT * FROM `yzm_admin_menu` WHERE  `pid` = 110 [ RunTime:0.000000s ]
[ sql ] [ SQL ] SELECT * FROM `yzm_admin_menu` WHERE  `pid` = 111 [ RunTime:0.001000s ]
[ sql ] [ SQL ] SELECT * FROM `yzm_admin_menu` WHERE  `pid` = 112 [ RunTime:0.000000s ]

---------------------------------------------------------------
[ 2017-05-05T22:40:43+08:00 ] 127.0.0.1 127.0.0.1 GET /admin/content/add.html
[ log ] a.com/admin/content/add.html [运行时间：0.094005s][吞吐率：10.64req/s] [内存消耗：1,682.27kb] [文件加载：50]
[ info ] [ LANG ] C:\Users\my\Desktop\www\currency_admin\thinkphp\lang\zh-cn.php
[ info ] [ ROUTE ] array (
  'type' => 'module',
  'module' => 
  array (
    0 => 'admin',
    1 => 'content',
    2 => 'add',
  ),
)
[ info ] [ HEADER ] array (
  'cookie' => 'thinkphp_show_page_trace=0|0; thinkphp_show_page_trace=0|0',
  'accept-language' => 'zh-CN,zh;q=0.8',
  'accept-encoding' => 'gzip, deflate',
  'referer' => 'http://a.com/admin/content/index.html',
  'user-agent' => 'Mozilla/5.0 (Windows NT 6.1; WOW64) AppleWebKit/537.36 (KHTML, like Gecko) Chrome/50.0.2661.102 UBrowser/6.1.2107.204 Safari/537.36',
  'upgrade-insecure-requests' => '1',
  'accept' => 'text/html,application/xhtml+xml,application/xml;q=0.9,image/webp,*/*;q=0.8',
  'connection' => 'close',
  'host' => 'a.com',
)
[ info ] [ PARAM ] array (
  'admin/content/add_html' => '',
)
[ info ] [ DB ] INIT mysql
[ info ] [ RUN ] app\admin\controller\Content->add[ C:\Users\my\Desktop\www\currency_admin\application\admin\controller\Content.php ]
[ info ] [ LOG ] INIT File
[ sql ] [ DB ] CONNECT:[ UseTime:0.002000s ] mysql:dbname=new;host=127.0.0.1;port=3306;charset=utf8
[ sql ] [ SQL ] SHOW COLUMNS FROM `yzm_admin_menu` [ RunTime:0.033002s ]
[ sql ] [ SQL ] SELECT * FROM `yzm_admin_menu` WHERE  `pid` = 0 [ RunTime:0.000000s ]
[ sql ] [ SQL ] SELECT * FROM `yzm_admin_menu` WHERE  `pid` = 103 [ RunTime:0.001000s ]
[ sql ] [ SQL ] SELECT * FROM `yzm_admin_menu` WHERE  `pid` = 104 [ RunTime:0.000000s ]
[ sql ] [ SQL ] SELECT * FROM `yzm_admin_menu` WHERE  `pid` = 109 [ RunTime:0.000000s ]
[ sql ] [ SQL ] SELECT * FROM `yzm_admin_menu` WHERE  `pid` = 110 [ RunTime:0.000000s ]
[ sql ] [ SQL ] SELECT * FROM `yzm_admin_menu` WHERE  `pid` = 111 [ RunTime:0.000000s ]
[ sql ] [ SQL ] SELECT * FROM `yzm_admin_menu` WHERE  `pid` = 112 [ RunTime:0.001001s ]
[ sql ] [ SQL ] SHOW COLUMNS FROM `yzm_type` [ RunTime:0.005000s ]
[ sql ] [ SQL ] SELECT * FROM `yzm_type` WHERE  `pid` = 0 [ RunTime:0.005000s ]
[ sql ] [ SQL ] SELECT * FROM `yzm_type` WHERE  `pid` = 1 [ RunTime:0.000000s ]
[ sql ] [ SQL ] SELECT * FROM `yzm_type` WHERE  `pid` = 6 [ RunTime:0.001000s ]
[ error ] [8]未定义变量: data[C:\Users\my\Desktop\www\currency_admin\application\admin\controller\Content.php:82]

---------------------------------------------------------------
[ 2017-05-05T22:41:16+08:00 ] 127.0.0.1 127.0.0.1 GET /admin/content/add.html
[ log ] a.com/admin/content/add.html [运行时间：0.051003s][吞吐率：19.61req/s] [内存消耗：1,681.70kb] [文件加载：50]
[ info ] [ LANG ] C:\Users\my\Desktop\www\currency_admin\thinkphp\lang\zh-cn.php
[ info ] [ ROUTE ] array (
  'type' => 'module',
  'module' => 
  array (
    0 => 'admin',
    1 => 'content',
    2 => 'add',
  ),
)
[ info ] [ HEADER ] array (
  'cookie' => 'thinkphp_show_page_trace=0|0; thinkphp_show_page_trace=0|0',
  'accept-language' => 'zh-CN,zh;q=0.8',
  'accept-encoding' => 'gzip, deflate',
  'referer' => 'http://a.com/admin/content/index.html',
  'user-agent' => 'Mozilla/5.0 (Windows NT 6.1; WOW64) AppleWebKit/537.36 (KHTML, like Gecko) Chrome/50.0.2661.102 UBrowser/6.1.2107.204 Safari/537.36',
  'upgrade-insecure-requests' => '1',
  'accept' => 'text/html,application/xhtml+xml,application/xml;q=0.9,image/webp,*/*;q=0.8',
  'cache-control' => 'max-age=0',
  'connection' => 'close',
  'host' => 'a.com',
)
[ info ] [ PARAM ] array (
  'admin/content/add_html' => '',
)
[ info ] [ DB ] INIT mysql
[ info ] [ RUN ] app\admin\controller\Content->add[ C:\Users\my\Desktop\www\currency_admin\application\admin\controller\Content.php ]
[ info ] [ LOG ] INIT File
[ sql ] [ DB ] CONNECT:[ UseTime:0.000000s ] mysql:dbname=new;host=127.0.0.1;port=3306;charset=utf8
[ sql ] [ SQL ] SHOW COLUMNS FROM `yzm_admin_menu` [ RunTime:0.005001s ]
[ sql ] [ SQL ] SELECT * FROM `yzm_admin_menu` WHERE  `pid` = 0 [ RunTime:0.001000s ]
[ sql ] [ SQL ] SELECT * FROM `yzm_admin_menu` WHERE  `pid` = 103 [ RunTime:0.000000s ]
[ sql ] [ SQL ] SELECT * FROM `yzm_admin_menu` WHERE  `pid` = 104 [ RunTime:0.001000s ]
[ sql ] [ SQL ] SELECT * FROM `yzm_admin_menu` WHERE  `pid` = 109 [ RunTime:0.000000s ]
[ sql ] [ SQL ] SELECT * FROM `yzm_admin_menu` WHERE  `pid` = 110 [ RunTime:0.000000s ]
[ sql ] [ SQL ] SELECT * FROM `yzm_admin_menu` WHERE  `pid` = 111 [ RunTime:0.000000s ]
[ sql ] [ SQL ] SELECT * FROM `yzm_admin_menu` WHERE  `pid` = 112 [ RunTime:0.000000s ]
[ sql ] [ SQL ] SHOW COLUMNS FROM `yzm_type` [ RunTime:0.007000s ]
[ sql ] [ SQL ] SELECT * FROM `yzm_type` WHERE  `pid` = 0 [ RunTime:0.000000s ]
[ sql ] [ SQL ] SELECT * FROM `yzm_type` WHERE  `pid` = 1 [ RunTime:0.000000s ]
[ sql ] [ SQL ] SELECT * FROM `yzm_type` WHERE  `pid` = 6 [ RunTime:0.000000s ]
[ error ] [8]未定义变量: data[C:\Users\my\Desktop\www\currency_admin\application\admin\controller\Content.php:82]

---------------------------------------------------------------
[ 2017-05-05T22:46:09+08:00 ] 127.0.0.1 127.0.0.1 GET /admin/content/add.html
[ log ] a.com/admin/content/add.html [运行时间：0.106006s][吞吐率：9.43req/s] [内存消耗：1,669.20kb] [文件加载：47]
[ info ] [ LANG ] C:\Users\my\Desktop\www\currency_admin\thinkphp\lang\zh-cn.php
[ info ] [ ROUTE ] array (
  'type' => 'module',
  'module' => 
  array (
    0 => 'admin',
    1 => 'content',
    2 => 'add',
  ),
)
[ info ] [ HEADER ] array (
  'cookie' => 'thinkphp_show_page_trace=0|0; thinkphp_show_page_trace=0|0',
  'accept-language' => 'zh-CN,zh;q=0.8',
  'accept-encoding' => 'gzip, deflate',
  'referer' => 'http://a.com/admin/content/index.html',
  'user-agent' => 'Mozilla/5.0 (Windows NT 6.1; WOW64) AppleWebKit/537.36 (KHTML, like Gecko) Chrome/50.0.2661.102 UBrowser/6.1.2107.204 Safari/537.36',
  'upgrade-insecure-requests' => '1',
  'accept' => 'text/html,application/xhtml+xml,application/xml;q=0.9,image/webp,*/*;q=0.8',
  'cache-control' => 'max-age=0',
  'connection' => 'close',
  'host' => 'a.com',
)
[ info ] [ PARAM ] array (
  'admin/content/add_html' => '',
)
[ info ] [ DB ] INIT mysql
[ info ] [ RUN ] app\admin\controller\Content->add[ C:\Users\my\Desktop\www\currency_admin\application\admin\controller\Content.php ]
[ info ] [ LOG ] INIT File
[ sql ] [ DB ] CONNECT:[ UseTime:0.001000s ] mysql:dbname=new;host=127.0.0.1;port=3306;charset=utf8
[ sql ] [ SQL ] SHOW COLUMNS FROM `yzm_admin_menu` [ RunTime:0.006000s ]
[ sql ] [ SQL ] SELECT * FROM `yzm_admin_menu` WHERE  `pid` = 0 [ RunTime:0.000000s ]
[ sql ] [ SQL ] SELECT * FROM `yzm_admin_menu` WHERE  `pid` = 103 [ RunTime:0.000000s ]
[ sql ] [ SQL ] SELECT * FROM `yzm_admin_menu` WHERE  `pid` = 104 [ RunTime:0.000000s ]
[ sql ] [ SQL ] SELECT * FROM `yzm_admin_menu` WHERE  `pid` = 109 [ RunTime:0.000000s ]
[ sql ] [ SQL ] SELECT * FROM `yzm_admin_menu` WHERE  `pid` = 110 [ RunTime:0.000000s ]
[ sql ] [ SQL ] SELECT * FROM `yzm_admin_menu` WHERE  `pid` = 111 [ RunTime:0.000000s ]
[ sql ] [ SQL ] SELECT * FROM `yzm_admin_menu` WHERE  `pid` = 112 [ RunTime:0.000000s ]
[ sql ] [ SQL ] SHOW COLUMNS FROM `yzm_type` [ RunTime:0.006000s ]
[ sql ] [ SQL ] SELECT * FROM `yzm_type` WHERE  `pid` = 0 [ RunTime:0.000000s ]
[ sql ] [ SQL ] SELECT * FROM `yzm_type` WHERE  `pid` = 1 [ RunTime:0.000000s ]
[ sql ] [ SQL ] SELECT * FROM `yzm_type` WHERE  `pid` = 6 [ RunTime:0.000000s ]
[ sql ] [ SQL ] SELECT * FROM `yzm_type` WHERE  `pid` = 2 [ RunTime:0.001000s ]
[ sql ] [ SQL ] SELECT * FROM `yzm_type` WHERE  `pid` = 4 [ RunTime:0.000000s ]
[ sql ] [ SQL ] SELECT * FROM `yzm_type` WHERE  `pid` = 5 [ RunTime:0.001000s ]

---------------------------------------------------------------
[ 2017-05-05T22:50:11+08:00 ] 127.0.0.1 127.0.0.1 GET /admin/content/add.html
[ log ] a.com/admin/content/add.html [运行时间：0.066004s][吞吐率：15.15req/s] [内存消耗：1,669.83kb] [文件加载：47]
[ info ] [ LANG ] C:\Users\my\Desktop\www\currency_admin\thinkphp\lang\zh-cn.php
[ info ] [ ROUTE ] array (
  'type' => 'module',
  'module' => 
  array (
    0 => 'admin',
    1 => 'content',
    2 => 'add',
  ),
)
[ info ] [ HEADER ] array (
  'cookie' => 'thinkphp_show_page_trace=0|0; thinkphp_show_page_trace=0|0',
  'accept-language' => 'zh-CN,zh;q=0.8',
  'accept-encoding' => 'gzip, deflate',
  'referer' => 'http://a.com/admin/content/index.html',
  'user-agent' => 'Mozilla/5.0 (Windows NT 6.1; WOW64) AppleWebKit/537.36 (KHTML, like Gecko) Chrome/50.0.2661.102 UBrowser/6.1.2107.204 Safari/537.36',
  'upgrade-insecure-requests' => '1',
  'accept' => 'text/html,application/xhtml+xml,application/xml;q=0.9,image/webp,*/*;q=0.8',
  'cache-control' => 'max-age=0',
  'connection' => 'close',
  'host' => 'a.com',
)
[ info ] [ PARAM ] array (
  'admin/content/add_html' => '',
)
[ info ] [ DB ] INIT mysql
[ info ] [ RUN ] app\admin\controller\Content->add[ C:\Users\my\Desktop\www\currency_admin\application\admin\controller\Content.php ]
[ info ] [ LOG ] INIT File
[ sql ] [ DB ] CONNECT:[ UseTime:0.004000s ] mysql:dbname=new;host=127.0.0.1;port=3306;charset=utf8
[ sql ] [ SQL ] SHOW COLUMNS FROM `yzm_admin_menu` [ RunTime:0.014001s ]
[ sql ] [ SQL ] SELECT * FROM `yzm_admin_menu` WHERE  `pid` = 0 [ RunTime:0.000000s ]
[ sql ] [ SQL ] SELECT * FROM `yzm_admin_menu` WHERE  `pid` = 103 [ RunTime:0.001000s ]
[ sql ] [ SQL ] SELECT * FROM `yzm_admin_menu` WHERE  `pid` = 104 [ RunTime:0.000000s ]
[ sql ] [ SQL ] SELECT * FROM `yzm_admin_menu` WHERE  `pid` = 109 [ RunTime:0.001000s ]
[ sql ] [ SQL ] SELECT * FROM `yzm_admin_menu` WHERE  `pid` = 110 [ RunTime:0.000000s ]
[ sql ] [ SQL ] SELECT * FROM `yzm_admin_menu` WHERE  `pid` = 111 [ RunTime:0.000000s ]
[ sql ] [ SQL ] SELECT * FROM `yzm_admin_menu` WHERE  `pid` = 112 [ RunTime:0.001000s ]
[ sql ] [ SQL ] SHOW COLUMNS FROM `yzm_type` [ RunTime:0.007001s ]
[ sql ] [ SQL ] SELECT * FROM `yzm_type` WHERE  `pid` = 0 [ RunTime:0.001000s ]
[ sql ] [ SQL ] SELECT * FROM `yzm_type` WHERE  `pid` = 1 [ RunTime:0.000000s ]
[ sql ] [ SQL ] SELECT * FROM `yzm_type` WHERE  `pid` = 6 [ RunTime:0.000000s ]
[ sql ] [ SQL ] SELECT * FROM `yzm_type` WHERE  `pid` = 2 [ RunTime:0.000000s ]
[ sql ] [ SQL ] SELECT * FROM `yzm_type` WHERE  `pid` = 4 [ RunTime:0.001000s ]
[ sql ] [ SQL ] SELECT * FROM `yzm_type` WHERE  `pid` = 5 [ RunTime:0.000000s ]

---------------------------------------------------------------
[ 2017-05-05T22:50:27+08:00 ] 127.0.0.1 127.0.0.1 GET /admin/content/add.html
[ log ] a.com/admin/content/add.html [运行时间：0.087005s][吞吐率：11.49req/s] [内存消耗：1,871.13kb] [文件加载：51]
[ info ] [ LANG ] C:\Users\my\Desktop\www\currency_admin\thinkphp\lang\zh-cn.php
[ info ] [ ROUTE ] array (
  'type' => 'module',
  'module' => 
  array (
    0 => 'admin',
    1 => 'content',
    2 => 'add',
  ),
)
[ info ] [ HEADER ] array (
  'cookie' => 'thinkphp_show_page_trace=0|0; thinkphp_show_page_trace=0|0',
  'accept-language' => 'zh-CN,zh;q=0.8',
  'accept-encoding' => 'gzip, deflate',
  'referer' => 'http://a.com/admin/content/index.html',
  'user-agent' => 'Mozilla/5.0 (Windows NT 6.1; WOW64) AppleWebKit/537.36 (KHTML, like Gecko) Chrome/50.0.2661.102 UBrowser/6.1.2107.204 Safari/537.36',
  'upgrade-insecure-requests' => '1',
  'accept' => 'text/html,application/xhtml+xml,application/xml;q=0.9,image/webp,*/*;q=0.8',
  'cache-control' => 'max-age=0',
  'connection' => 'close',
  'host' => 'a.com',
)
[ info ] [ PARAM ] array (
  'admin/content/add_html' => '',
)
[ info ] [ DB ] INIT mysql
[ info ] [ RUN ] app\admin\controller\Content->add[ C:\Users\my\Desktop\www\currency_admin\application\admin\controller\Content.php ]
[ info ] [ VIEW ] C:\Users\my\Desktop\www\currency_admin\public/../application/admin\view\content\add.html [ array (
  0 => 'debug',
  1 => 'adminmenu',
  2 => 'listtype',
) ]
[ info ] [ LOG ] INIT File
[ sql ] [ DB ] CONNECT:[ UseTime:0.005000s ] mysql:dbname=new;host=127.0.0.1;port=3306;charset=utf8
[ sql ] [ SQL ] SHOW COLUMNS FROM `yzm_admin_menu` [ RunTime:0.011001s ]
[ sql ] [ SQL ] SELECT * FROM `yzm_admin_menu` WHERE  `pid` = 0 [ RunTime:0.000000s ]
[ sql ] [ SQL ] SELECT * FROM `yzm_admin_menu` WHERE  `pid` = 103 [ RunTime:0.000000s ]
[ sql ] [ SQL ] SELECT * FROM `yzm_admin_menu` WHERE  `pid` = 104 [ RunTime:0.001000s ]
[ sql ] [ SQL ] SELECT * FROM `yzm_admin_menu` WHERE  `pid` = 109 [ RunTime:0.000000s ]
[ sql ] [ SQL ] SELECT * FROM `yzm_admin_menu` WHERE  `pid` = 110 [ RunTime:0.001000s ]
[ sql ] [ SQL ] SELECT * FROM `yzm_admin_menu` WHERE  `pid` = 111 [ RunTime:0.001000s ]
[ sql ] [ SQL ] SELECT * FROM `yzm_admin_menu` WHERE  `pid` = 112 [ RunTime:0.001000s ]
[ sql ] [ SQL ] SHOW COLUMNS FROM `yzm_type` [ RunTime:0.007001s ]
[ sql ] [ SQL ] SELECT * FROM `yzm_type` WHERE  `pid` = 0 [ RunTime:0.000000s ]
[ sql ] [ SQL ] SELECT * FROM `yzm_type` WHERE  `pid` = 1 [ RunTime:0.001000s ]
[ sql ] [ SQL ] SELECT * FROM `yzm_type` WHERE  `pid` = 6 [ RunTime:0.000000s ]
[ sql ] [ SQL ] SELECT * FROM `yzm_type` WHERE  `pid` = 2 [ RunTime:0.000000s ]
[ sql ] [ SQL ] SELECT * FROM `yzm_type` WHERE  `pid` = 4 [ RunTime:0.000000s ]
[ sql ] [ SQL ] SELECT * FROM `yzm_type` WHERE  `pid` = 5 [ RunTime:0.000000s ]

---------------------------------------------------------------
[ 2017-05-05T22:51:31+08:00 ] 127.0.0.1 127.0.0.1 GET /admin/content/add.html
[ log ] a.com/admin/content/add.html [运行时间：0.054003s][吞吐率：18.52req/s] [内存消耗：1,669.20kb] [文件加载：47]
[ info ] [ LANG ] C:\Users\my\Desktop\www\currency_admin\thinkphp\lang\zh-cn.php
[ info ] [ ROUTE ] array (
  'type' => 'module',
  'module' => 
  array (
    0 => 'admin',
    1 => 'content',
    2 => 'add',
  ),
)
[ info ] [ HEADER ] array (
  'cookie' => 'thinkphp_show_page_trace=0|0; thinkphp_show_page_trace=0|0',
  'accept-language' => 'zh-CN,zh;q=0.8',
  'accept-encoding' => 'gzip, deflate',
  'referer' => 'http://a.com/admin/content/index.html',
  'user-agent' => 'Mozilla/5.0 (Windows NT 6.1; WOW64) AppleWebKit/537.36 (KHTML, like Gecko) Chrome/50.0.2661.102 UBrowser/6.1.2107.204 Safari/537.36',
  'upgrade-insecure-requests' => '1',
  'accept' => 'text/html,application/xhtml+xml,application/xml;q=0.9,image/webp,*/*;q=0.8',
  'cache-control' => 'max-age=0',
  'connection' => 'close',
  'host' => 'a.com',
)
[ info ] [ PARAM ] array (
  'admin/content/add_html' => '',
)
[ info ] [ DB ] INIT mysql
[ info ] [ RUN ] app\admin\controller\Content->add[ C:\Users\my\Desktop\www\currency_admin\application\admin\controller\Content.php ]
[ info ] [ LOG ] INIT File
[ sql ] [ DB ] CONNECT:[ UseTime:0.002000s ] mysql:dbname=new;host=127.0.0.1;port=3306;charset=utf8
[ sql ] [ SQL ] SHOW COLUMNS FROM `yzm_admin_menu` [ RunTime:0.006001s ]
[ sql ] [ SQL ] SELECT * FROM `yzm_admin_menu` WHERE  `pid` = 0 [ RunTime:0.001000s ]
[ sql ] [ SQL ] SELECT * FROM `yzm_admin_menu` WHERE  `pid` = 103 [ RunTime:0.001000s ]
[ sql ] [ SQL ] SELECT * FROM `yzm_admin_menu` WHERE  `pid` = 104 [ RunTime:0.000000s ]
[ sql ] [ SQL ] SELECT * FROM `yzm_admin_menu` WHERE  `pid` = 109 [ RunTime:0.000000s ]
[ sql ] [ SQL ] SELECT * FROM `yzm_admin_menu` WHERE  `pid` = 110 [ RunTime:0.000000s ]
[ sql ] [ SQL ] SELECT * FROM `yzm_admin_menu` WHERE  `pid` = 111 [ RunTime:0.000000s ]
[ sql ] [ SQL ] SELECT * FROM `yzm_admin_menu` WHERE  `pid` = 112 [ RunTime:0.000000s ]
[ sql ] [ SQL ] SHOW COLUMNS FROM `yzm_type` [ RunTime:0.005000s ]
[ sql ] [ SQL ] SELECT * FROM `yzm_type` WHERE  `pid` = 0 [ RunTime:0.000000s ]
[ sql ] [ SQL ] SELECT * FROM `yzm_type` WHERE  `pid` = 1 [ RunTime:0.000000s ]
[ sql ] [ SQL ] SELECT * FROM `yzm_type` WHERE  `pid` = 6 [ RunTime:0.000000s ]
[ sql ] [ SQL ] SELECT * FROM `yzm_type` WHERE  `pid` = 2 [ RunTime:0.001000s ]
[ sql ] [ SQL ] SELECT * FROM `yzm_type` WHERE  `pid` = 4 [ RunTime:0.000000s ]
[ sql ] [ SQL ] SELECT * FROM `yzm_type` WHERE  `pid` = 5 [ RunTime:0.000000s ]

---------------------------------------------------------------
[ 2017-05-05T22:51:58+08:00 ] 127.0.0.1 127.0.0.1 GET /admin/content/add.html
[ log ] a.com/admin/content/add.html [运行时间：0.063004s][吞吐率：15.87req/s] [内存消耗：1,669.20kb] [文件加载：47]
[ info ] [ LANG ] C:\Users\my\Desktop\www\currency_admin\thinkphp\lang\zh-cn.php
[ info ] [ ROUTE ] array (
  'type' => 'module',
  'module' => 
  array (
    0 => 'admin',
    1 => 'content',
    2 => 'add',
  ),
)
[ info ] [ HEADER ] array (
  'cookie' => 'thinkphp_show_page_trace=0|0; thinkphp_show_page_trace=0|0',
  'accept-language' => 'zh-CN,zh;q=0.8',
  'accept-encoding' => 'gzip, deflate',
  'referer' => 'http://a.com/admin/content/index.html',
  'user-agent' => 'Mozilla/5.0 (Windows NT 6.1; WOW64) AppleWebKit/537.36 (KHTML, like Gecko) Chrome/50.0.2661.102 UBrowser/6.1.2107.204 Safari/537.36',
  'upgrade-insecure-requests' => '1',
  'accept' => 'text/html,application/xhtml+xml,application/xml;q=0.9,image/webp,*/*;q=0.8',
  'cache-control' => 'max-age=0',
  'connection' => 'close',
  'host' => 'a.com',
)
[ info ] [ PARAM ] array (
  'admin/content/add_html' => '',
)
[ info ] [ DB ] INIT mysql
[ info ] [ RUN ] app\admin\controller\Content->add[ C:\Users\my\Desktop\www\currency_admin\application\admin\controller\Content.php ]
[ info ] [ LOG ] INIT File
[ sql ] [ DB ] CONNECT:[ UseTime:0.010001s ] mysql:dbname=new;host=127.0.0.1;port=3306;charset=utf8
[ sql ] [ SQL ] SHOW COLUMNS FROM `yzm_admin_menu` [ RunTime:0.006000s ]
[ sql ] [ SQL ] SELECT * FROM `yzm_admin_menu` WHERE  `pid` = 0 [ RunTime:0.000000s ]
[ sql ] [ SQL ] SELECT * FROM `yzm_admin_menu` WHERE  `pid` = 103 [ RunTime:0.000000s ]
[ sql ] [ SQL ] SELECT * FROM `yzm_admin_menu` WHERE  `pid` = 104 [ RunTime:0.000000s ]
[ sql ] [ SQL ] SELECT * FROM `yzm_admin_menu` WHERE  `pid` = 109 [ RunTime:0.000000s ]
[ sql ] [ SQL ] SELECT * FROM `yzm_admin_menu` WHERE  `pid` = 110 [ RunTime:0.000000s ]
[ sql ] [ SQL ] SELECT * FROM `yzm_admin_menu` WHERE  `pid` = 111 [ RunTime:0.000000s ]
[ sql ] [ SQL ] SELECT * FROM `yzm_admin_menu` WHERE  `pid` = 112 [ RunTime:0.000000s ]
[ sql ] [ SQL ] SHOW COLUMNS FROM `yzm_type` [ RunTime:0.006001s ]
[ sql ] [ SQL ] SELECT * FROM `yzm_type` WHERE  `pid` = 0 [ RunTime:0.000000s ]
[ sql ] [ SQL ] SELECT * FROM `yzm_type` WHERE  `pid` = 1 [ RunTime:0.000000s ]
[ sql ] [ SQL ] SELECT * FROM `yzm_type` WHERE  `pid` = 6 [ RunTime:0.000000s ]
[ sql ] [ SQL ] SELECT * FROM `yzm_type` WHERE  `pid` = 2 [ RunTime:0.000000s ]
[ sql ] [ SQL ] SELECT * FROM `yzm_type` WHERE  `pid` = 4 [ RunTime:0.001000s ]
[ sql ] [ SQL ] SELECT * FROM `yzm_type` WHERE  `pid` = 5 [ RunTime:0.000000s ]

---------------------------------------------------------------
[ 2017-05-05T22:52:03+08:00 ] 127.0.0.1 127.0.0.1 GET /admin/content/add.html
[ log ] a.com/admin/content/add.html [运行时间：0.043003s][吞吐率：23.25req/s] [内存消耗：1,669.20kb] [文件加载：47]
[ info ] [ LANG ] C:\Users\my\Desktop\www\currency_admin\thinkphp\lang\zh-cn.php
[ info ] [ ROUTE ] array (
  'type' => 'module',
  'module' => 
  array (
    0 => 'admin',
    1 => 'content',
    2 => 'add',
  ),
)
[ info ] [ HEADER ] array (
  'cookie' => 'thinkphp_show_page_trace=0|0; thinkphp_show_page_trace=0|0',
  'accept-language' => 'zh-CN,zh;q=0.8',
  'accept-encoding' => 'gzip, deflate',
  'referer' => 'http://a.com/admin/content/index.html',
  'user-agent' => 'Mozilla/5.0 (Windows NT 6.1; WOW64) AppleWebKit/537.36 (KHTML, like Gecko) Chrome/50.0.2661.102 UBrowser/6.1.2107.204 Safari/537.36',
  'upgrade-insecure-requests' => '1',
  'accept' => 'text/html,application/xhtml+xml,application/xml;q=0.9,image/webp,*/*;q=0.8',
  'cache-control' => 'max-age=0',
  'connection' => 'close',
  'host' => 'a.com',
)
[ info ] [ PARAM ] array (
  'admin/content/add_html' => '',
)
[ info ] [ DB ] INIT mysql
[ info ] [ RUN ] app\admin\controller\Content->add[ C:\Users\my\Desktop\www\currency_admin\application\admin\controller\Content.php ]
[ info ] [ LOG ] INIT File
[ sql ] [ DB ] CONNECT:[ UseTime:0.001000s ] mysql:dbname=new;host=127.0.0.1;port=3306;charset=utf8
[ sql ] [ SQL ] SHOW COLUMNS FROM `yzm_admin_menu` [ RunTime:0.006001s ]
[ sql ] [ SQL ] SELECT * FROM `yzm_admin_menu` WHERE  `pid` = 0 [ RunTime:0.000000s ]
[ sql ] [ SQL ] SELECT * FROM `yzm_admin_menu` WHERE  `pid` = 103 [ RunTime:0.001000s ]
[ sql ] [ SQL ] SELECT * FROM `yzm_admin_menu` WHERE  `pid` = 104 [ RunTime:0.000000s ]
[ sql ] [ SQL ] SELECT * FROM `yzm_admin_menu` WHERE  `pid` = 109 [ RunTime:0.001000s ]
[ sql ] [ SQL ] SELECT * FROM `yzm_admin_menu` WHERE  `pid` = 110 [ RunTime:0.000000s ]
[ sql ] [ SQL ] SELECT * FROM `yzm_admin_menu` WHERE  `pid` = 111 [ RunTime:0.000000s ]
[ sql ] [ SQL ] SELECT * FROM `yzm_admin_menu` WHERE  `pid` = 112 [ RunTime:0.001000s ]
[ sql ] [ SQL ] SHOW COLUMNS FROM `yzm_type` [ RunTime:0.006000s ]
[ sql ] [ SQL ] SELECT * FROM `yzm_type` WHERE  `pid` = 0 [ RunTime:0.000000s ]
[ sql ] [ SQL ] SELECT * FROM `yzm_type` WHERE  `pid` = 1 [ RunTime:0.001000s ]
[ sql ] [ SQL ] SELECT * FROM `yzm_type` WHERE  `pid` = 6 [ RunTime:0.000000s ]
[ sql ] [ SQL ] SELECT * FROM `yzm_type` WHERE  `pid` = 2 [ RunTime:0.000000s ]
[ sql ] [ SQL ] SELECT * FROM `yzm_type` WHERE  `pid` = 4 [ RunTime:0.001000s ]
[ sql ] [ SQL ] SELECT * FROM `yzm_type` WHERE  `pid` = 5 [ RunTime:0.000000s ]

---------------------------------------------------------------
[ 2017-05-05T22:52:14+08:00 ] 127.0.0.1 127.0.0.1 GET /admin/content/add.html
[ log ] a.com/admin/content/add.html [运行时间：0.053004s][吞吐率：18.87req/s] [内存消耗：1,669.10kb] [文件加载：47]
[ info ] [ LANG ] C:\Users\my\Desktop\www\currency_admin\thinkphp\lang\zh-cn.php
[ info ] [ ROUTE ] array (
  'type' => 'module',
  'module' => 
  array (
    0 => 'admin',
    1 => 'content',
    2 => 'add',
  ),
)
[ info ] [ HEADER ] array (
  'cookie' => 'thinkphp_show_page_trace=0|0; thinkphp_show_page_trace=0|0',
  'accept-language' => 'zh-CN,zh;q=0.8',
  'accept-encoding' => 'gzip, deflate',
  'referer' => 'http://a.com/admin/content/index.html',
  'user-agent' => 'Mozilla/5.0 (Windows NT 6.1; WOW64) AppleWebKit/537.36 (KHTML, like Gecko) Chrome/50.0.2661.102 UBrowser/6.1.2107.204 Safari/537.36',
  'upgrade-insecure-requests' => '1',
  'accept' => 'text/html,application/xhtml+xml,application/xml;q=0.9,image/webp,*/*;q=0.8',
  'cache-control' => 'max-age=0',
  'connection' => 'close',
  'host' => 'a.com',
)
[ info ] [ PARAM ] array (
  'admin/content/add_html' => '',
)
[ info ] [ DB ] INIT mysql
[ info ] [ RUN ] app\admin\controller\Content->add[ C:\Users\my\Desktop\www\currency_admin\application\admin\controller\Content.php ]
[ info ] [ LOG ] INIT File
[ sql ] [ DB ] CONNECT:[ UseTime:0.010000s ] mysql:dbname=new;host=127.0.0.1;port=3306;charset=utf8
[ sql ] [ SQL ] SHOW COLUMNS FROM `yzm_admin_menu` [ RunTime:0.005001s ]
[ sql ] [ SQL ] SELECT * FROM `yzm_admin_menu` WHERE  `pid` = 0 [ RunTime:0.001000s ]
[ sql ] [ SQL ] SELECT * FROM `yzm_admin_menu` WHERE  `pid` = 103 [ RunTime:0.000000s ]
[ sql ] [ SQL ] SELECT * FROM `yzm_admin_menu` WHERE  `pid` = 104 [ RunTime:0.000000s ]
[ sql ] [ SQL ] SELECT * FROM `yzm_admin_menu` WHERE  `pid` = 109 [ RunTime:0.000000s ]
[ sql ] [ SQL ] SELECT * FROM `yzm_admin_menu` WHERE  `pid` = 110 [ RunTime:0.000000s ]
[ sql ] [ SQL ] SELECT * FROM `yzm_admin_menu` WHERE  `pid` = 111 [ RunTime:0.000000s ]
[ sql ] [ SQL ] SELECT * FROM `yzm_admin_menu` WHERE  `pid` = 112 [ RunTime:0.000000s ]
[ sql ] [ SQL ] SHOW COLUMNS FROM `yzm_type` [ RunTime:0.005000s ]
[ sql ] [ SQL ] SELECT * FROM `yzm_type` WHERE  `pid` = 0 [ RunTime:0.000000s ]
[ sql ] [ SQL ] SELECT * FROM `yzm_type` WHERE  `pid` = 1 [ RunTime:0.001000s ]
[ sql ] [ SQL ] SELECT * FROM `yzm_type` WHERE  `pid` = 6 [ RunTime:0.000000s ]
[ sql ] [ SQL ] SELECT * FROM `yzm_type` WHERE  `pid` = 2 [ RunTime:0.000000s ]
[ sql ] [ SQL ] SELECT * FROM `yzm_type` WHERE  `pid` = 4 [ RunTime:0.001000s ]
[ sql ] [ SQL ] SELECT * FROM `yzm_type` WHERE  `pid` = 5 [ RunTime:0.001000s ]

---------------------------------------------------------------
